08/28/23 12:33:30 EST -0500 | ########## START ##########
08/28/23 12:33:30 EST -0500 | Processing: /data/datalogger-mock-data
08/28/23 12:33:30 EST -0500 | [datalogger-mock-data d112f28] 08/28/23 12:33:30 EST -0500
08/28/23 12:33:30 EST -0500 |  1 file changed, 3 insertions(+)
08/28/23 12:33:31 EST -0500 | To github.com:FLARE-forecast/miscellaneous.git
08/28/23 12:33:31 EST -0500 |    699ad53..d112f28  d112f289ab25ba04d902ece3ddc5c55435f9b3e7 -> datalogger-mock-data
08/28/23 12:33:31 EST -0500 | Processing: /data/carina-logs
08/28/23 12:33:31 EST -0500 | [carina-logs 64ed5f1] 08/28/23 12:33:31 EST -0500
08/28/23 12:33:31 EST -0500 |  7 files changed, 87 insertions(+), 9358 deletions(-)
08/28/23 12:33:31 EST -0500 |  rewrite git-push.log (99%)
08/28/23 12:33:31 EST -0500 |  create mode 100644 lora-radio.log
08/28/23 12:33:31 EST -0500 |  delete mode 100644 lora.log
08/28/23 12:33:31 EST -0500 |  delete mode 100644 module-toggler.log
08/28/23 12:33:31 EST -0500 |  create mode 100644 shutdown_scheduler.log
08/28/23 12:33:31 EST -0500 |  rewrite status-monitor.log (99%)
08/28/23 12:33:32 EST -0500 | To github.com:FLARE-forecast/miscellaneous.git
08/28/23 12:33:32 EST -0500 |    f4a3e12..64ed5f1  64ed5f1b33a80cfe0466ff6ddc09fbee4324bb0e -> carina-logs
08/28/23 12:33:32 EST -0500 | ##########  END  ##########
08/28/23 12:33:34 EST -0500 | ########## START ##########
08/28/23 12:33:34 EST -0500 | Processing: /data/datalogger-mock-data
08/28/23 12:33:34 EST -0500 | On branch datalogger-mock-data
