
############################ carina - 07/10/23 21:32:40 EST -0500 ############################

Disk Usage Before Git Garbage Collector:
/dev/sda1                           29G  476K   28G   1% /data
Working on: /data/datalogger-mock-data
Working on: /data/carina-logs
Disk Usage After Git Garbage Collector:
/dev/sda1                           29G  432K   28G   1% /data

############################ carina - 07/10/23 22:05:02 EST -0500 ############################

Disk Usage Before Git Garbage Collector:
/dev/sda1                           29G  596K   28G   1% /data
Working on: /data/datalogger-mock-data
Working on: /data/carina-logs
Disk Usage After Git Garbage Collector:
/dev/sda1                           29G  472K   28G   1% /data

############################ carina - 07/11/23 00:20:03 EST -0500 ############################

Disk Usage Before Git Garbage Collector:
/dev/sda1                           29G  572K   28G   1% /data
Working on: /data/datalogger-mock-data
Working on: /data/carina-logs
Disk Usage After Git Garbage Collector:
/dev/sda1                           29G  484K   28G   1% /data

############################ carina - 07/11/23 06:20:03 EST -0500 ############################

Disk Usage Before Git Garbage Collector:
/dev/sda1                           29G  604K   28G   1% /data
Working on: /data/datalogger-mock-data
Working on: /data/carina-logs
Disk Usage After Git Garbage Collector:
/dev/sda1                           29G  520K   28G   1% /data

############################ carina - 07/11/23 12:20:03 EST -0500 ############################

Disk Usage Before Git Garbage Collector:
/dev/sda1                           29G  744K   28G   1% /data
Working on: /data/datalogger-mock-data
Working on: /data/carina-logs
Disk Usage After Git Garbage Collector:
/dev/sda1                           29G  568K   28G   1% /data

############################ carina - 07/11/23 18:20:03 EST -0500 ############################

Disk Usage Before Git Garbage Collector:
/dev/sda1                           29G  824K   28G   1% /data
Working on: /data/datalogger-mock-data
Working on: /data/carina-logs
Disk Usage After Git Garbage Collector:
/dev/sda1                           29G  616K   28G   1% /data

############################ carina - 07/12/23 00:20:02 EST -0500 ############################

Disk Usage Before Git Garbage Collector:
/dev/sda1                           29G  832K   28G   1% /data
Working on: /data/datalogger-mock-data
Working on: /data/carina-logs
Disk Usage After Git Garbage Collector:
/dev/sda1                           29G  676K   28G   1% /data

############################ carina - 07/12/23 06:20:03 EST -0500 ############################

Disk Usage Before Git Garbage Collector:
/dev/sda1                           29G  892K   28G   1% /data
Working on: /data/datalogger-mock-data
Working on: /data/carina-logs
Disk Usage After Git Garbage Collector:
/dev/sda1                           29G  724K   28G   1% /data

############################ carina - 07/12/23 12:20:03 EST -0500 ############################

Disk Usage Before Git Garbage Collector:
/dev/sda1                           29G  936K   28G   1% /data
Working on: /data/datalogger-mock-data
Working on: /data/carina-logs
Disk Usage After Git Garbage Collector:
/dev/sda1                           29G  764K   28G   1% /data

############################ carina - 07/12/23 13:11:16 EST -0500 ############################

Disk Usage Before Git Garbage Collector:
/dev/sda1                           29G  968K   28G   1% /data
Working on: /data/datalogger-mock-data
Working on: /data/carina-logs
Disk Usage After Git Garbage Collector:
/dev/sda1                           29G  784K   28G   1% /data

############################ carina - 07/12/23 18:20:03 EST -0500 ############################

Disk Usage Before Git Garbage Collector:
/dev/sda1                           29G  972K   28G   1% /data
Working on: /data/datalogger-mock-data
Working on: /data/carina-logs
Disk Usage After Git Garbage Collector:
/dev/sda1                           29G  828K   28G   1% /data

############################ carina - 07/13/23 00:20:03 EST -0500 ############################

Disk Usage Before Git Garbage Collector:
/dev/sda1                           29G  1.1M   28G   1% /data
Working on: /data/datalogger-mock-data
Working on: /data/carina-logs
Disk Usage After Git Garbage Collector:
/dev/sda1                           29G  876K   28G   1% /data

############################ carina - 07/13/23 06:20:04 EST -0500 ############################

Disk Usage Before Git Garbage Collector:
/dev/sda1                           29G  1.1M   28G   1% /data
Working on: /data/datalogger-mock-data
Working on: /data/carina-logs
Disk Usage After Git Garbage Collector:
/dev/sda1                           29G  928K   28G   1% /data

############################ carina - 07/13/23 11:53:51 EST -0500 ############################

Disk Usage Before Git Garbage Collector:
/dev/sda1                           29G  1.2M   28G   1% /data
Working on: /data/datalogger-mock-data
Working on: /data/carina-logs
Disk Usage After Git Garbage Collector:
/dev/sda1                           29G  968K   28G   1% /data

############################ carina - 07/13/23 12:20:02 EST -0500 ############################

Disk Usage Before Git Garbage Collector:
/dev/sda1                           29G  1.1M   28G   1% /data
Working on: /data/datalogger-mock-data
Working on: /data/carina-logs
Disk Usage After Git Garbage Collector:
/dev/sda1                           29G  976K   28G   1% /data

############################ carina - 07/13/23 18:20:03 EST -0500 ############################

Disk Usage Before Git Garbage Collector:
/dev/sda1                           29G  1.2M   28G   1% /data
Working on: /data/datalogger-mock-data
Working on: /data/carina-logs
Disk Usage After Git Garbage Collector:
/dev/sda1                           29G  1.1M   28G   1% /data

############################ carina - 07/13/23 21:38:47 EST -0500 ############################

Disk Usage Before Git Garbage Collector:
/dev/sda1                           29G  5.2M   28G   1% /data
Working on: /data/datalogger-mock-data
Working on: /data/carina-logs
Disk Usage After Git Garbage Collector:
/dev/sda1                           29G  5.0M   28G   1% /data

############################ carina - 07/13/23 21:45:33 EST -0500 ############################

Disk Usage Before Git Garbage Collector:
/dev/sda1                           29G  5.8M   28G   1% /data
Working on: /data/datalogger-mock-data
Working on: /data/carina-logs
Disk Usage After Git Garbage Collector:
/dev/sda1                           29G  5.1M   28G   1% /data

############################ carina - 07/14/23 00:20:03 EST -0500 ############################

Disk Usage Before Git Garbage Collector:
/dev/sda1                           29G  5.9M   28G   1% /data
Working on: /data/datalogger-mock-data
Working on: /data/carina-logs
Disk Usage After Git Garbage Collector:
/dev/sda1                           29G  5.2M   28G   1% /data

############################ carina - 07/14/23 06:20:04 EST -0500 ############################

Disk Usage Before Git Garbage Collector:
/dev/sda1                           29G  6.2M   28G   1% /data
Working on: /data/datalogger-mock-data
Working on: /data/carina-logs
Disk Usage After Git Garbage Collector:
/dev/sda1                           29G  5.4M   28G   1% /data

############################ carina - 07/14/23 12:20:04 EST -0500 ############################

Disk Usage Before Git Garbage Collector:
/dev/sda1                           29G  6.5M   28G   1% /data
Working on: /data/datalogger-mock-data
Working on: /data/carina-logs
Disk Usage After Git Garbage Collector:
/dev/sda1                           29G  5.7M   28G   1% /data

############################ carina - 07/14/23 18:20:05 EST -0500 ############################

Disk Usage Before Git Garbage Collector:
/dev/sda1                           29G   14M   28G   1% /data
Working on: /data/datalogger-mock-data
Working on: /data/carina-logs
Disk Usage After Git Garbage Collector:
/dev/sda1                           29G   13M   28G   1% /data

############################ carina - 07/15/23 00:20:03 EST -0500 ############################

Disk Usage Before Git Garbage Collector:
/dev/sda1                           29G   14M   28G   1% /data
Working on: /data/datalogger-mock-data
Working on: /data/carina-logs
Disk Usage After Git Garbage Collector:
/dev/sda1                           29G   14M   28G   1% /data

############################ carina - 07/15/23 06:20:03 EST -0500 ############################

Disk Usage Before Git Garbage Collector:
/dev/sda1                           29G   15M   28G   1% /data
Working on: /data/datalogger-mock-data
Working on: /data/carina-logs
Disk Usage After Git Garbage Collector:
/dev/sda1                           29G   14M   28G   1% /data

############################ carina - 07/15/23 10:37:59 EST -0500 ############################

Disk Usage Before Git Garbage Collector:
/dev/sda1                           29G   15M   28G   1% /data
Working on: /data/datalogger-mock-data
Working on: /data/carina-logs
Disk Usage After Git Garbage Collector:
/dev/sda1                           29G   14M   28G   1% /data

############################ carina - 07/15/23 12:20:03 EST -0500 ############################

Disk Usage Before Git Garbage Collector:
/dev/sda1                           29G   15M   28G   1% /data
Working on: /data/datalogger-mock-data
Working on: /data/carina-logs
Disk Usage After Git Garbage Collector:
/dev/sda1                           29G   14M   28G   1% /data

############################ carina - 07/15/23 18:20:02 EST -0500 ############################

Disk Usage Before Git Garbage Collector:
/dev/sda1                           29G   15M   28G   1% /data
Working on: /data/datalogger-mock-data
Working on: /data/carina-logs
Disk Usage After Git Garbage Collector:
/dev/sda1                           29G   15M   28G   1% /data

############################ carina - 07/16/23 00:20:03 EST -0500 ############################

Disk Usage Before Git Garbage Collector:
/dev/sda1                           29G   15M   28G   1% /data
Working on: /data/datalogger-mock-data
Working on: /data/carina-logs
Disk Usage After Git Garbage Collector:
/dev/sda1                           29G   15M   28G   1% /data

############################ carina - 07/16/23 06:20:03 EST -0500 ############################

Disk Usage Before Git Garbage Collector:
/dev/sda1                           29G   16M   28G   1% /data
Working on: /data/datalogger-mock-data
Working on: /data/carina-logs
Disk Usage After Git Garbage Collector:
/dev/sda1                           29G   15M   28G   1% /data

############################ carina - 07/16/23 12:20:03 EST -0500 ############################

Disk Usage Before Git Garbage Collector:
/dev/sda1                           29G   16M   28G   1% /data
Working on: /data/datalogger-mock-data
Working on: /data/carina-logs
Disk Usage After Git Garbage Collector:
/dev/sda1                           29G   15M   28G   1% /data

############################ carina - 07/16/23 18:20:03 EST -0500 ############################

Disk Usage Before Git Garbage Collector:
/dev/sda1                           29G   16M   28G   1% /data
Working on: /data/datalogger-mock-data
Working on: /data/carina-logs
Disk Usage After Git Garbage Collector:
/dev/sda1                           29G   15M   28G   1% /data

############################ carina - 07/17/23 00:20:03 EST -0500 ############################

Disk Usage Before Git Garbage Collector:
/dev/sda1                           29G   16M   28G   1% /data
Working on: /data/datalogger-mock-data
Working on: /data/carina-logs
Disk Usage After Git Garbage Collector:
/dev/sda1                           29G   16M   28G   1% /data

############################ carina - 07/17/23 06:20:03 EST -0500 ############################

Disk Usage Before Git Garbage Collector:
/dev/sda1                           29G   16M   28G   1% /data
Working on: /data/datalogger-mock-data
Working on: /data/carina-logs
Disk Usage After Git Garbage Collector:
/dev/sda1                           29G   16M   28G   1% /data

############################ carina - 07/17/23 12:20:03 EST -0500 ############################

Disk Usage Before Git Garbage Collector:
/dev/sda1                           29G   16M   28G   1% /data
Working on: /data/datalogger-mock-data
Working on: /data/carina-logs
Disk Usage After Git Garbage Collector:
/dev/sda1                           29G   16M   28G   1% /data

############################ carina - 07/17/23 18:20:03 EST -0500 ############################

Disk Usage Before Git Garbage Collector:
/dev/sda1                           29G   17M   28G   1% /data
Working on: /data/datalogger-mock-data
Working on: /data/carina-logs
Disk Usage After Git Garbage Collector:
/dev/sda1                           29G   16M   28G   1% /data

############################ carina - 07/18/23 00:20:03 EST -0500 ############################

Disk Usage Before Git Garbage Collector:
/dev/sda1                           29G   17M   28G   1% /data
Working on: /data/datalogger-mock-data
Working on: /data/carina-logs
Disk Usage After Git Garbage Collector:
/dev/sda1                           29G   16M   28G   1% /data

############################ carina - 07/18/23 06:20:03 EST -0500 ############################

Disk Usage Before Git Garbage Collector:
/dev/sda1                           29G   17M   28G   1% /data
Working on: /data/datalogger-mock-data
Working on: /data/carina-logs
Disk Usage After Git Garbage Collector:
/dev/sda1                           29G   17M   28G   1% /data

############################ carina - 07/18/23 12:20:04 EST -0500 ############################

Disk Usage Before Git Garbage Collector:
/dev/sda1                           29G   17M   28G   1% /data
Working on: /data/datalogger-mock-data
Working on: /data/carina-logs
Disk Usage After Git Garbage Collector:
/dev/sda1                           29G   17M   28G   1% /data

############################ carina - 07/18/23 18:20:03 EST -0500 ############################

Disk Usage Before Git Garbage Collector:
/dev/sda1                           29G   17M   28G   1% /data
Working on: /data/datalogger-mock-data
Working on: /data/carina-logs
Disk Usage After Git Garbage Collector:
/dev/sda1                           29G   17M   28G   1% /data

############################ carina - 07/19/23 00:20:03 EST -0500 ############################

Disk Usage Before Git Garbage Collector:
/dev/sda1                           29G   18M   28G   1% /data
Working on: /data/datalogger-mock-data
Working on: /data/carina-logs
Disk Usage After Git Garbage Collector:
/dev/sda1                           29G   17M   28G   1% /data

############################ carina - 07/19/23 06:20:04 EST -0500 ############################

Disk Usage Before Git Garbage Collector:
/dev/sda1                           29G   18M   28G   1% /data
Working on: /data/datalogger-mock-data
Working on: /data/carina-logs
Disk Usage After Git Garbage Collector:
/dev/sda1                           29G   17M   28G   1% /data

############################ carina - 07/19/23 12:20:04 EST -0500 ############################

Disk Usage Before Git Garbage Collector:
/dev/sda1                           29G   18M   28G   1% /data
Working on: /data/datalogger-mock-data
Working on: /data/carina-logs
Disk Usage After Git Garbage Collector:
/dev/sda1                           29G   17M   28G   1% /data

############################ carina - 07/19/23 18:20:02 EST -0500 ############################

Disk Usage Before Git Garbage Collector:
/dev/sda1                           29G   18M   28G   1% /data
Working on: /data/datalogger-mock-data
Working on: /data/carina-logs
Disk Usage After Git Garbage Collector:
/dev/sda1                           29G   18M   28G   1% /data

############################ carina - 07/20/23 00:20:03 EST -0500 ############################

Disk Usage Before Git Garbage Collector:
/dev/sda1                           29G   18M   28G   1% /data
Working on: /data/datalogger-mock-data
Working on: /data/carina-logs
Disk Usage After Git Garbage Collector:
/dev/sda1                           29G   18M   28G   1% /data

############################ carina - 07/20/23 06:20:04 EST -0500 ############################

Disk Usage Before Git Garbage Collector:
/dev/sda1                           29G   18M   28G   1% /data
Working on: /data/datalogger-mock-data
Working on: /data/carina-logs
Disk Usage After Git Garbage Collector:
/dev/sda1                           29G   18M   28G   1% /data

############################ carina - 07/20/23 12:20:04 EST -0500 ############################

Disk Usage Before Git Garbage Collector:
/dev/sda1                           29G   18M   28G   1% /data
Working on: /data/datalogger-mock-data
Working on: /data/carina-logs
Disk Usage After Git Garbage Collector:
/dev/sda1                           29G   18M   28G   1% /data

############################ carina - 08/04/23 10:20:13 EST -0500 ############################

Disk Usage Before Git Garbage Collector:
/dev/sda1                           29G   19M   28G   1% /data
Working on: /data/datalogger-mock-data
Working on: /data/carina-logs
Disk Usage After Git Garbage Collector:
/dev/sda1                           29G   18M   28G   1% /data

############################ carina - 08/04/23 12:20:06 EST -0500 ############################

Disk Usage Before Git Garbage Collector:
/dev/sda1                           29G   19M   28G   1% /data
Working on: /data/datalogger-mock-data
Working on: /data/carina-logs
Disk Usage After Git Garbage Collector:
/dev/sda1                           29G   19M   28G   1% /data

############################ carina - 08/04/23 18:20:02 EST -0500 ############################

Disk Usage Before Git Garbage Collector:
/dev/sda1                           29G   20M   28G   1% /data
Working on: /data/datalogger-mock-data
Working on: /data/carina-logs
Disk Usage After Git Garbage Collector:
/dev/sda1                           29G   19M   28G   1% /data

############################ carina - 08/05/23 00:20:01 EST -0500 ############################

Disk Usage Before Git Garbage Collector:
/dev/sda1                           29G   19M   28G   1% /data
Working on: /data/datalogger-mock-data
Working on: /data/carina-logs
Disk Usage After Git Garbage Collector:
/dev/sda1                           29G   19M   28G   1% /data

############################ carina - 08/05/23 06:20:01 EST -0500 ############################

Disk Usage Before Git Garbage Collector:
/dev/sda1                           29G   19M   28G   1% /data
Working on: /data/datalogger-mock-data
Working on: /data/carina-logs
Disk Usage After Git Garbage Collector:
/dev/sda1                           29G   19M   28G   1% /data

############################ carina - 08/05/23 12:20:02 EST -0500 ############################

Disk Usage Before Git Garbage Collector:
/dev/sda1                           29G   19M   28G   1% /data
Working on: /data/datalogger-mock-data
Working on: /data/carina-logs
Disk Usage After Git Garbage Collector:
/dev/sda1                           29G   19M   28G   1% /data

############################ carina - 08/05/23 18:20:02 EST -0500 ############################

Disk Usage Before Git Garbage Collector:
/dev/sda1                           29G   19M   28G   1% /data
Working on: /data/datalogger-mock-data
Working on: /data/carina-logs
Disk Usage After Git Garbage Collector:
/dev/sda1                           29G   19M   28G   1% /data

############################ carina - 08/06/23 00:20:02 EST -0500 ############################

Disk Usage Before Git Garbage Collector:
/dev/sda1                           29G   19M   28G   1% /data
Working on: /data/datalogger-mock-data
Working on: /data/carina-logs
Disk Usage After Git Garbage Collector:
/dev/sda1                           29G   19M   28G   1% /data

############################ carina - 08/06/23 06:20:01 EST -0500 ############################

Disk Usage Before Git Garbage Collector:
/dev/sda1                           29G   20M   28G   1% /data
Working on: /data/datalogger-mock-data
Working on: /data/carina-logs
Disk Usage After Git Garbage Collector:
/dev/sda1                           29G   20M   28G   1% /data

############################ carina - 08/06/23 12:20:02 EST -0500 ############################

Disk Usage Before Git Garbage Collector:
/dev/sda1                           29G   20M   28G   1% /data
Working on: /data/datalogger-mock-data
Working on: /data/carina-logs
Disk Usage After Git Garbage Collector:
/dev/sda1                           29G   20M   28G   1% /data

############################ carina - 08/06/23 18:20:02 EST -0500 ############################

Disk Usage Before Git Garbage Collector:
/dev/sda1                           29G   20M   28G   1% /data
Working on: /data/datalogger-mock-data
Working on: /data/carina-logs
Disk Usage After Git Garbage Collector:
/dev/sda1                           29G   20M   28G   1% /data

############################ carina - 08/07/23 00:20:02 EST -0500 ############################

Disk Usage Before Git Garbage Collector:
/dev/sda1                           29G   20M   28G   1% /data
Working on: /data/datalogger-mock-data
Working on: /data/carina-logs
Disk Usage After Git Garbage Collector:
/dev/sda1                           29G   20M   28G   1% /data

############################ carina - 08/07/23 06:20:02 EST -0500 ############################

Disk Usage Before Git Garbage Collector:
/dev/sda1                           29G   20M   28G   1% /data
Working on: /data/datalogger-mock-data
Working on: /data/carina-logs
Disk Usage After Git Garbage Collector:
/dev/sda1                           29G   20M   28G   1% /data

############################ carina - 08/07/23 12:20:02 EST -0500 ############################

Disk Usage Before Git Garbage Collector:
/dev/sda1                           29G   20M   28G   1% /data
Working on: /data/datalogger-mock-data
Working on: /data/carina-logs
Disk Usage After Git Garbage Collector:
/dev/sda1                           29G   20M   28G   1% /data

############################ carina - 08/07/23 18:20:02 EST -0500 ############################

Disk Usage Before Git Garbage Collector:
/dev/sda1                           29G   20M   28G   1% /data
Working on: /data/datalogger-mock-data
Working on: /data/carina-logs
Disk Usage After Git Garbage Collector:
/dev/sda1                           29G   20M   28G   1% /data

############################ carina - 08/08/23 00:20:01 EST -0500 ############################

Disk Usage Before Git Garbage Collector:
/dev/sda1                           29G   20M   28G   1% /data
Working on: /data/datalogger-mock-data
Working on: /data/carina-logs
Disk Usage After Git Garbage Collector:
/dev/sda1                           29G   20M   28G   1% /data

############################ carina - 08/08/23 06:20:02 EST -0500 ############################

Disk Usage Before Git Garbage Collector:
/dev/sda1                           29G   21M   28G   1% /data
Working on: /data/datalogger-mock-data
Working on: /data/carina-logs
Disk Usage After Git Garbage Collector:
/dev/sda1                           29G   21M   28G   1% /data

############################ carina - 08/08/23 12:20:04 EST -0500 ############################

Disk Usage Before Git Garbage Collector:
/dev/sda1                           29G   22M   28G   1% /data
Working on: /data/datalogger-mock-data
Working on: /data/carina-logs
Disk Usage After Git Garbage Collector:
/dev/sda1                           29G   25M   28G   1% /data
08/08/23 18:33:38 EST -0500 | Disk Usage Before Git Garbage Collector:
08/08/23 18:33:38 EST -0500 | /dev/sda1                           29G   12M   28G   1% /data
08/08/23 18:33:38 EST -0500 | Working on: /data/datalogger-mock-data
08/08/23 18:33:40 EST -0500 | Working on: /data/carina-logs
08/08/23 18:33:47 EST -0500 | Disk Usage After Git Garbage Collector:
08/08/23 18:33:47 EST -0500 | /dev/sda1                           29G  8.3M   28G   1% /data
08/08/23 18:34:42 EST -0500 | Disk Usage Before Git Garbage Collector:
08/08/23 18:34:42 EST -0500 | /dev/sda1                           29G  8.3M   28G   1% /data
08/08/23 18:34:42 EST -0500 | Working on: /data/datalogger-mock-data
08/08/23 18:34:42 EST -0500 | Working on: /data/carina-logs
08/08/23 18:34:44 EST -0500 | Disk Usage After Git Garbage Collector:
08/08/23 18:34:44 EST -0500 | /dev/sda1                           29G  8.3M   28G   1% /data
08/08/23 21:07:20 EST -0500 | #####
08/08/23 21:07:20 EST -0500 | Disk Usage Before Git Garbage Collector:
08/08/23 21:07:20 EST -0500 | /dev/sda1                           29G  8.3M   28G   1% /data
08/08/23 21:07:21 EST -0500 | Working on: /data/datalogger-mock-data
08/08/23 21:07:22 EST -0500 | Working on: /data/carina-logs
08/08/23 21:07:23 EST -0500 | Disk Usage After Git Garbage Collector:
08/08/23 21:07:23 EST -0500 | /dev/sda1                           29G  8.3M   28G   1% /data
08/09/23 00:20:05 EST -0500 | ##### Start #####
08/09/23 00:20:05 EST -0500 | Disk Usage Before Git Garbage Collector:
08/09/23 00:20:05 EST -0500 | /dev/sda1                           29G  9.6M   28G   1% /data
08/09/23 00:20:05 EST -0500 | Working on: /data/datalogger-mock-data
08/09/23 00:20:06 EST -0500 | Working on: /data/carina-logs
08/09/23 00:20:06 EST -0500 | Disk Usage After Git Garbage Collector:
08/09/23 00:20:06 EST -0500 | /dev/sda1                           29G  8.4M   28G   1% /data
08/09/23 00:20:07 EST -0500 | #####  End  #####
08/09/23 06:20:05 EST -0500 | ##### Start #####
08/09/23 06:20:05 EST -0500 | Disk Usage Before Git Garbage Collector:
08/09/23 06:20:05 EST -0500 | /dev/sda1                           29G  9.6M   28G   1% /data
08/09/23 06:20:05 EST -0500 | Working on: /data/datalogger-mock-data
08/09/23 06:20:06 EST -0500 | Working on: /data/carina-logs
08/09/23 06:20:06 EST -0500 | Disk Usage After Git Garbage Collector:
08/09/23 06:20:06 EST -0500 | /dev/sda1                           29G  8.6M   28G   1% /data
08/09/23 06:20:06 EST -0500 | #####  End  #####
08/14/23 10:21:51 EST -0500 | ##### Start #####
08/14/23 10:21:52 EST -0500 | Disk Usage Before Git Garbage Collector:
08/14/23 10:21:52 EST -0500 | /dev/sda1                           29G  9.6M   28G   1% /data
08/14/23 10:21:52 EST -0500 | Working on: /data/datalogger-mock-data
08/14/23 10:21:52 EST -0500 | Working on: /data/carina-logs
08/14/23 10:21:52 EST -0500 | Disk Usage After Git Garbage Collector:
08/14/23 10:21:52 EST -0500 | /dev/sda1                           29G  8.5M   28G   1% /data
08/14/23 10:21:52 EST -0500 | #####  End  #####
08/14/23 12:20:05 EST -0500 | ##### Start #####
08/14/23 12:20:05 EST -0500 | Disk Usage Before Git Garbage Collector:
08/14/23 12:20:05 EST -0500 | /dev/sda1                           29G   16M   28G   1% /data
08/14/23 12:20:05 EST -0500 | Working on: /data/datalogger-mock-data
08/14/23 12:20:05 EST -0500 | Working on: /data/carina-logs
08/14/23 12:20:06 EST -0500 | Disk Usage After Git Garbage Collector:
08/14/23 12:20:06 EST -0500 | /dev/sda1                           29G   14M   28G   1% /data
08/14/23 12:20:06 EST -0500 | #####  End  #####
08/14/23 18:20:06 EST -0500 | ##### Start #####
08/14/23 18:20:06 EST -0500 | Disk Usage Before Git Garbage Collector:
08/14/23 18:20:06 EST -0500 | /dev/sda1                           29G   32M   28G   1% /data
08/14/23 18:20:06 EST -0500 | Working on: /data/datalogger-mock-data
08/14/23 18:20:06 EST -0500 | Working on: /data/carina-logs
08/14/23 18:20:07 EST -0500 | Disk Usage After Git Garbage Collector:
08/14/23 18:20:07 EST -0500 | /dev/sda1                           29G   31M   28G   1% /data
08/14/23 18:20:07 EST -0500 | #####  End  #####
08/15/23 00:20:18 EST -0500 | ##### Start #####
08/15/23 00:20:18 EST -0500 | Disk Usage Before Git Garbage Collector:
08/15/23 00:20:18 EST -0500 | /dev/sda1                           29G   50M   28G   1% /data
08/15/23 00:20:18 EST -0500 | Working on: /data/datalogger-mock-data
08/15/23 00:20:18 EST -0500 | Working on: /data/carina-logs
08/15/23 00:20:21 EST -0500 | Disk Usage After Git Garbage Collector:
08/15/23 00:20:21 EST -0500 | /dev/sda1                           29G   48M   28G   1% /data
08/15/23 00:20:21 EST -0500 | #####  End  #####
08/15/23 06:20:12 EST -0500 | ##### Start #####
08/15/23 06:20:12 EST -0500 | Disk Usage Before Git Garbage Collector:
08/15/23 06:20:12 EST -0500 | /dev/sda1                           29G   68M   28G   1% /data
08/15/23 06:20:12 EST -0500 | Working on: /data/datalogger-mock-data
08/15/23 06:20:12 EST -0500 | Working on: /data/carina-logs
08/15/23 06:20:16 EST -0500 | Disk Usage After Git Garbage Collector:
08/15/23 06:20:16 EST -0500 | /dev/sda1                           29G   64M   28G   1% /data
08/15/23 06:20:16 EST -0500 | #####  End  #####
08/15/23 10:03:39 EST -0500 | ##### Start #####
08/15/23 10:03:39 EST -0500 | Disk Usage Before Git Garbage Collector:
08/15/23 10:03:39 EST -0500 | /dev/sda1                           29G   77M   28G   1% /data
08/15/23 10:03:39 EST -0500 | Working on: /data/datalogger-mock-data
08/15/23 10:03:39 EST -0500 | Working on: /data/carina-logs
08/15/23 10:03:42 EST -0500 | Disk Usage After Git Garbage Collector:
08/15/23 10:03:42 EST -0500 | /dev/sda1                           29G   74M   28G   1% /data
08/15/23 10:03:42 EST -0500 | #####  End  #####
08/15/23 10:05:09 EST -0500 | ##### Start #####
08/15/23 10:05:09 EST -0500 | Disk Usage Before Git Garbage Collector:
08/15/23 10:05:09 EST -0500 | /dev/sda1                           29G   74M   28G   1% /data
08/15/23 10:05:09 EST -0500 | Working on: /data/datalogger-mock-data
08/15/23 10:05:09 EST -0500 | Working on: /data/carina-logs
08/15/23 10:05:10 EST -0500 | Disk Usage After Git Garbage Collector:
08/15/23 10:05:10 EST -0500 | /dev/sda1                           29G   74M   28G   1% /data
08/15/23 10:05:10 EST -0500 | #####  End  #####
08/15/23 10:15:44 EST -0500 | ##### Start #####
08/15/23 10:15:44 EST -0500 | Disk Usage Before Git Garbage Collector:
08/15/23 10:15:44 EST -0500 | /dev/sda1                           29G   75M   28G   1% /data
08/15/23 10:15:44 EST -0500 | Working on: /data/datalogger-mock-data
08/15/23 10:15:44 EST -0500 | Working on: /data/carina-logs
08/15/23 10:15:44 EST -0500 | Disk Usage After Git Garbage Collector:
08/15/23 10:15:44 EST -0500 | /dev/sda1                           29G   75M   28G   1% /data
08/15/23 10:15:44 EST -0500 | #####  End  #####
08/15/23 10:18:41 EST -0500 | ##### Start #####
08/15/23 10:18:41 EST -0500 | Disk Usage Before Git Garbage Collector:
08/15/23 10:18:41 EST -0500 | /dev/sda1                           29G   75M   28G   1% /data
08/15/23 10:18:41 EST -0500 | Working on: /data/carina-logs
08/15/23 10:18:42 EST -0500 | Disk Usage After Git Garbage Collector:
08/15/23 10:18:42 EST -0500 | /dev/sda1                           29G   75M   28G   1% /data
08/15/23 10:18:42 EST -0500 | #####  End  #####
08/15/23 10:30:38 EST -0500 | + echo '##### Start #####'
08/15/23 10:30:38 EST -0500 | ##### Start #####
08/15/23 10:30:38 EST -0500 | + check_if_enabled git_garbage_collector
08/15/23 10:30:38 EST -0500 | + module_enabled_var=git_garbage_collector_enabled
08/15/23 10:30:38 EST -0500 | + '[' true '!=' true ']'
08/15/23 10:30:38 EST -0500 | + echo -e 'Disk Usage Before Git Garbage Collector:'
08/15/23 10:30:38 EST -0500 | Disk Usage Before Git Garbage Collector:
08/15/23 10:30:38 EST -0500 | + df -h
08/15/23 10:30:38 EST -0500 | + grep /data
08/15/23 10:30:38 EST -0500 | /dev/sda1                           29G   75M   28G   1% /data
08/15/23 10:30:38 EST -0500 | + cd /data/carina-logs
08/15/23 10:30:38 EST -0500 | ++ pwd
08/15/23 10:30:38 EST -0500 | + echo -e 'Working on: /data/carina-logs'
08/15/23 10:30:38 EST -0500 | Working on: /data/carina-logs
08/15/23 10:30:38 EST -0500 | + git gc --prune
08/15/23 10:30:38 EST -0500 | + echo -e 'Disk Usage After Git Garbage Collector:'
08/15/23 10:30:38 EST -0500 | Disk Usage After Git Garbage Collector:
08/15/23 10:30:38 EST -0500 | + df -h
08/15/23 10:30:38 EST -0500 | + grep /data
08/15/23 10:30:38 EST -0500 | /dev/sda1                           29G   75M   28G   1% /data
08/15/23 10:30:38 EST -0500 | + echo '#####  End  #####'
08/15/23 10:30:38 EST -0500 | #####  End  #####
08/15/23 10:30:38 EST -0500 | + exec
08/15/23 10:43:41 EST -0500 | ##### Start #####
08/15/23 10:43:41 EST -0500 | Disk Usage Before Git Garbage Collector:
08/15/23 10:43:41 EST -0500 | /dev/sda1                           29G   84M   28G   1% /data
08/15/23 10:43:41 EST -0500 | Working on: /data/datalogger-data
08/15/23 10:43:42 EST -0500 | Disk Usage After Git Garbage Collector:
08/15/23 10:43:42 EST -0500 | /dev/sda1                           29G   83M   28G   1% /data
08/15/23 10:43:42 EST -0500 | #####  End  #####
08/15/23 10:44:58 EST -0500 | ##### Start #####
08/15/23 10:44:58 EST -0500 | Disk Usage Before Git Garbage Collector:
08/15/23 10:44:58 EST -0500 | /dev/sda1                           29G   83M   28G   1% /data
08/15/23 10:44:58 EST -0500 | Working on: /data/datalogger-data
08/15/23 10:44:58 EST -0500 | Disk Usage After Git Garbage Collector:
08/15/23 10:44:58 EST -0500 | /dev/sda1                           29G   83M   28G   1% /data
08/15/23 10:44:58 EST -0500 | #####  End  #####
08/15/23 10:56:12 EST -0500 | ##### Start #####
08/15/23 10:56:12 EST -0500 | Disk Usage Before Git Garbage Collector:
08/15/23 10:56:12 EST -0500 | /dev/sda1                           29G   87M   28G   1% /data
08/15/23 10:56:12 EST -0500 | Working on: /data/datalogger-data
08/15/23 10:56:13 EST -0500 | Disk Usage After Git Garbage Collector:
08/15/23 10:56:13 EST -0500 | /dev/sda1                           29G   86M   28G   1% /data
08/15/23 10:56:13 EST -0500 | #####  End  #####
08/15/23 11:20:13 EST -0500 | ##### Start #####
08/15/23 11:20:13 EST -0500 | Before:
08/15/23 11:20:13 EST -0500 | /dev/sda1                           29G   90M   28G   1% /data
08/15/23 11:20:13 EST -0500 | Working on: /data/datalogger-data
08/15/23 11:20:13 EST -0500 | After:
08/15/23 11:20:13 EST -0500 | /dev/sda1                           29G   90M   28G   1% /data
08/15/23 11:20:13 EST -0500 | #####  End  #####
08/15/23 11:20:13 EST -0500 | ##### Start #####
08/15/23 11:20:13 EST -0500 | Before:
08/15/23 11:20:13 EST -0500 | /dev/sda1                           29G   90M   28G   1% /data
08/15/23 11:20:13 EST -0500 | Working on: /data/carina-logs
08/15/23 11:20:23 EST -0500 | After:
08/15/23 11:20:23 EST -0500 | /dev/sda1                           29G   78M   28G   1% /data
08/15/23 11:20:23 EST -0500 | #####  End  #####
08/15/23 12:20:13 EST -0500 | ##### Start #####
08/15/23 12:20:13 EST -0500 | Before:
08/15/23 12:20:13 EST -0500 | /dev/sda1                           29G   84M   28G   1% /data
08/15/23 12:20:13 EST -0500 | Working on: /data/datalogger-data
08/15/23 12:20:13 EST -0500 | After:
08/15/23 12:20:13 EST -0500 | /dev/sda1                           29G   83M   28G   1% /data
08/15/23 12:20:13 EST -0500 | #####  End  #####
08/15/23 12:20:14 EST -0500 | ##### Start #####
08/15/23 12:20:14 EST -0500 | Before:
08/15/23 12:20:14 EST -0500 | /dev/sda1                           29G   83M   28G   1% /data
08/15/23 12:20:14 EST -0500 | Working on: /data/carina-logs
08/15/23 12:20:18 EST -0500 | After:
08/15/23 12:20:18 EST -0500 | /dev/sda1                           29G   81M   28G   1% /data
08/15/23 12:20:18 EST -0500 | #####  End  #####
08/15/23 13:20:14 EST -0500 | ##### Start #####
08/15/23 13:20:14 EST -0500 | Before:
08/15/23 13:20:14 EST -0500 | /dev/sda1                           29G   87M   28G   1% /data
08/15/23 13:20:14 EST -0500 | Working on: /data/datalogger-data
08/15/23 13:20:14 EST -0500 | After:
08/15/23 13:20:14 EST -0500 | /dev/sda1                           29G   86M   28G   1% /data
08/15/23 13:20:14 EST -0500 | #####  End  #####
08/15/23 13:20:14 EST -0500 | ##### Start #####
08/15/23 13:20:15 EST -0500 | Before:
08/15/23 13:20:15 EST -0500 | /dev/sda1                           29G   86M   28G   1% /data
08/15/23 13:20:15 EST -0500 | Working on: /data/carina-logs
08/15/23 13:20:18 EST -0500 | After:
08/15/23 13:20:18 EST -0500 | /dev/sda1                           29G   83M   28G   1% /data
08/15/23 13:20:18 EST -0500 | #####  End  #####
