08/08/23 21:26:02 EST -0500 | ##### Start #####
08/08/23 21:26:02 EST -0500 | #####  End  #####
08/08/23 21:27:02 EST -0500 | ##### Start #####
08/08/23 21:27:03 EST -0500 | #####  End  #####
08/08/23 21:27:10 EST -0500 | ##### Start #####
08/08/23 21:27:12 EST -0500 | #####  End  #####
08/08/23 21:27:28 EST -0500 | #####
08/08/23 21:27:28 EST -0500 | /home/ubuntu/miscellaneous/gateways/system-monitors/startup-notifier.sh: line 22: cd: /home/ubuntu/miscellaneous/startup-notifier/carina: No such file or directory
08/08/23 21:28:02 EST -0500 | ##### Start #####
08/08/23 21:28:03 EST -0500 | #####  End  #####
08/08/23 21:29:02 EST -0500 | ##### Start #####
08/08/23 21:29:02 EST -0500 | #####  End  #####
08/08/23 21:30:02 EST -0500 | ##### Start #####
08/08/23 21:30:03 EST -0500 | #####  End  #####
08/08/23 21:31:02 EST -0500 | ##### Start #####
08/08/23 21:31:03 EST -0500 | #####  End  #####
08/08/23 21:32:01 EST -0500 | ##### Start #####
08/08/23 21:32:02 EST -0500 | #####  End  #####
08/08/23 21:33:02 EST -0500 | ##### Start #####
08/08/23 21:33:02 EST -0500 | #####  End  #####
08/08/23 21:34:02 EST -0500 | ##### Start #####
08/08/23 21:34:03 EST -0500 | #####  End  #####
08/08/23 21:35:02 EST -0500 | ##### Start #####
08/08/23 21:35:03 EST -0500 | #####  End  #####
08/08/23 21:36:02 EST -0500 | ##### Start #####
08/08/23 21:36:02 EST -0500 | #####  End  #####
08/08/23 21:37:02 EST -0500 | ##### Start #####
08/08/23 21:37:03 EST -0500 | #####  End  #####
08/08/23 21:38:01 EST -0500 | ##### Start #####
08/08/23 21:38:02 EST -0500 | #####  End  #####
08/08/23 21:39:02 EST -0500 | ##### Start #####
08/08/23 21:39:02 EST -0500 | #####  End  #####
08/08/23 21:40:02 EST -0500 | ##### Start #####
08/08/23 21:40:03 EST -0500 | #####  End  #####
08/08/23 21:41:01 EST -0500 | ##### Start #####
08/08/23 21:41:02 EST -0500 | #####  End  #####
08/08/23 21:42:02 EST -0500 | ##### Start #####
08/08/23 21:42:03 EST -0500 | #####  End  #####
08/08/23 21:43:01 EST -0500 | ##### Start #####
08/08/23 21:43:02 EST -0500 | #####  End  #####
08/08/23 21:44:02 EST -0500 | ##### Start #####
08/08/23 21:44:02 EST -0500 | #####  End  #####
08/08/23 21:45:02 EST -0500 | ##### Start #####
08/08/23 21:45:03 EST -0500 | #####  End  #####
08/08/23 21:46:02 EST -0500 | ##### Start #####
08/08/23 21:46:02 EST -0500 | #####  End  #####
08/08/23 21:47:02 EST -0500 | ##### Start #####
08/08/23 21:47:03 EST -0500 | #####  End  #####
08/08/23 21:48:02 EST -0500 | ##### Start #####
08/08/23 21:48:02 EST -0500 | #####  End  #####
08/08/23 21:49:02 EST -0500 | ##### Start #####
08/08/23 21:49:03 EST -0500 | #####  End  #####
08/08/23 21:50:02 EST -0500 | ##### Start #####
08/08/23 21:50:02 EST -0500 | #####  End  #####
08/08/23 21:51:02 EST -0500 | ##### Start #####
08/08/23 21:51:02 EST -0500 | #####  End  #####
08/08/23 21:52:02 EST -0500 | ##### Start #####
08/08/23 21:52:03 EST -0500 | #####  End  #####
08/08/23 21:53:01 EST -0500 | ##### Start #####
08/08/23 21:53:02 EST -0500 | #####  End  #####
08/08/23 21:54:02 EST -0500 | ##### Start #####
08/08/23 21:54:02 EST -0500 | #####  End  #####
08/08/23 21:55:02 EST -0500 | ##### Start #####
08/08/23 21:55:03 EST -0500 | #####  End  #####
08/08/23 21:56:02 EST -0500 | ##### Start #####
08/08/23 21:56:02 EST -0500 | #####  End  #####
08/08/23 21:57:02 EST -0500 | ##### Start #####
08/08/23 21:57:03 EST -0500 | #####  End  #####
08/08/23 21:58:02 EST -0500 | ##### Start #####
08/08/23 21:58:02 EST -0500 | #####  End  #####
08/08/23 21:59:02 EST -0500 | ##### Start #####
08/08/23 21:59:03 EST -0500 | #####  End  #####
08/08/23 22:00:02 EST -0500 | ##### Start #####
08/08/23 22:00:03 EST -0500 | #####  End  #####
08/08/23 22:01:02 EST -0500 | ##### Start #####
08/08/23 22:01:02 EST -0500 | #####  End  #####
08/08/23 22:02:02 EST -0500 | ##### Start #####
08/08/23 22:02:03 EST -0500 | #####  End  #####
08/08/23 22:03:02 EST -0500 | ##### Start #####
08/08/23 22:03:02 EST -0500 | #####  End  #####
08/08/23 22:04:02 EST -0500 | ##### Start #####
08/08/23 22:04:03 EST -0500 | #####  End  #####
08/08/23 22:05:02 EST -0500 | ##### Start #####
08/08/23 22:05:02 EST -0500 | #####  End  #####
08/08/23 22:06:02 EST -0500 | ##### Start #####
08/08/23 22:06:03 EST -0500 | #####  End  #####
08/08/23 22:07:02 EST -0500 | ##### Start #####
08/08/23 22:07:02 EST -0500 | #####  End  #####
08/08/23 22:08:02 EST -0500 | ##### Start #####
08/08/23 22:08:03 EST -0500 | #####  End  #####
08/08/23 22:09:02 EST -0500 | ##### Start #####
08/08/23 22:09:02 EST -0500 | #####  End  #####
08/08/23 22:10:03 EST -0500 | ##### Start #####
08/08/23 22:10:03 EST -0500 | #####  End  #####
08/08/23 22:11:02 EST -0500 | ##### Start #####
08/08/23 22:11:03 EST -0500 | #####  End  #####
08/08/23 22:12:02 EST -0500 | ##### Start #####
08/08/23 22:12:02 EST -0500 | #####  End  #####
08/08/23 22:13:02 EST -0500 | ##### Start #####
08/08/23 22:13:02 EST -0500 | #####  End  #####
08/08/23 22:14:03 EST -0500 | ##### Start #####
08/08/23 22:14:03 EST -0500 | #####  End  #####
08/08/23 22:15:02 EST -0500 | ##### Start #####
08/08/23 22:15:03 EST -0500 | #####  End  #####
08/08/23 22:16:02 EST -0500 | ##### Start #####
08/08/23 22:16:02 EST -0500 | #####  End  #####
08/08/23 22:17:02 EST -0500 | ##### Start #####
08/08/23 22:17:03 EST -0500 | #####  End  #####
08/08/23 22:18:01 EST -0500 | ##### Start #####
08/08/23 22:18:02 EST -0500 | #####  End  #####
08/08/23 22:19:02 EST -0500 | ##### Start #####
08/08/23 22:19:03 EST -0500 | #####  End  #####
08/08/23 22:20:02 EST -0500 | ##### Start #####
08/08/23 22:20:02 EST -0500 | #####  End  #####
08/08/23 22:21:02 EST -0500 | ##### Start #####
08/08/23 22:21:03 EST -0500 | #####  End  #####
08/08/23 22:22:02 EST -0500 | ##### Start #####
08/08/23 22:22:03 EST -0500 | #####  End  #####
08/08/23 22:23:01 EST -0500 | ##### Start #####
08/08/23 22:23:02 EST -0500 | #####  End  #####
08/08/23 22:24:02 EST -0500 | ##### Start #####
08/08/23 22:24:02 EST -0500 | #####  End  #####
08/08/23 22:25:03 EST -0500 | ##### Start #####
08/08/23 22:25:03 EST -0500 | #####  End  #####
08/08/23 22:26:02 EST -0500 | ##### Start #####
08/08/23 22:26:03 EST -0500 | #####  End  #####
08/08/23 22:27:02 EST -0500 | ##### Start #####
08/08/23 22:27:02 EST -0500 | #####  End  #####
08/08/23 22:28:02 EST -0500 | ##### Start #####
08/08/23 22:28:03 EST -0500 | #####  End  #####
08/08/23 22:29:01 EST -0500 | ##### Start #####
08/08/23 22:29:02 EST -0500 | #####  End  #####
08/08/23 22:30:02 EST -0500 | ##### Start #####
08/08/23 22:30:03 EST -0500 | #####  End  #####
08/08/23 22:31:02 EST -0500 | ##### Start #####
08/08/23 22:31:02 EST -0500 | #####  End  #####
08/08/23 22:32:02 EST -0500 | ##### Start #####
08/08/23 22:32:03 EST -0500 | #####  End  #####
08/08/23 22:33:02 EST -0500 | ##### Start #####
08/08/23 22:33:02 EST -0500 | #####  End  #####
08/08/23 22:34:02 EST -0500 | ##### Start #####
08/08/23 22:34:03 EST -0500 | #####  End  #####
08/08/23 22:35:02 EST -0500 | ##### Start #####
08/08/23 22:35:02 EST -0500 | #####  End  #####
08/08/23 22:36:02 EST -0500 | ##### Start #####
08/08/23 22:36:03 EST -0500 | #####  End  #####
08/08/23 22:37:02 EST -0500 | ##### Start #####
08/08/23 22:37:02 EST -0500 | #####  End  #####
08/08/23 22:38:02 EST -0500 | ##### Start #####
08/08/23 22:38:03 EST -0500 | #####  End  #####
08/08/23 22:39:02 EST -0500 | ##### Start #####
08/08/23 22:39:02 EST -0500 | #####  End  #####
08/08/23 22:40:02 EST -0500 | ##### Start #####
08/08/23 22:40:03 EST -0500 | #####  End  #####
08/08/23 22:41:02 EST -0500 | ##### Start #####
08/08/23 22:41:03 EST -0500 | #####  End  #####
08/08/23 22:42:01 EST -0500 | ##### Start #####
08/08/23 22:42:02 EST -0500 | #####  End  #####
08/08/23 22:43:03 EST -0500 | ##### Start #####
08/08/23 22:43:03 EST -0500 | #####  End  #####
08/08/23 22:44:02 EST -0500 | ##### Start #####
08/08/23 22:44:03 EST -0500 | #####  End  #####
08/08/23 22:45:02 EST -0500 | ##### Start #####
08/08/23 22:45:03 EST -0500 | #####  End  #####
08/08/23 22:46:02 EST -0500 | ##### Start #####
08/08/23 22:46:02 EST -0500 | #####  End  #####
08/08/23 22:47:02 EST -0500 | ##### Start #####
08/08/23 22:47:03 EST -0500 | #####  End  #####
08/08/23 22:48:02 EST -0500 | ##### Start #####
08/08/23 22:48:02 EST -0500 | #####  End  #####
08/08/23 22:49:02 EST -0500 | ##### Start #####
08/08/23 22:49:03 EST -0500 | #####  End  #####
08/08/23 22:50:02 EST -0500 | ##### Start #####
08/08/23 22:50:02 EST -0500 | #####  End  #####
08/08/23 22:51:02 EST -0500 | ##### Start #####
08/08/23 22:51:02 EST -0500 | #####  End  #####
08/08/23 22:52:02 EST -0500 | ##### Start #####
08/08/23 22:52:03 EST -0500 | #####  End  #####
08/08/23 22:53:02 EST -0500 | ##### Start #####
08/08/23 22:53:02 EST -0500 | #####  End  #####
08/08/23 22:54:02 EST -0500 | ##### Start #####
08/08/23 22:54:03 EST -0500 | #####  End  #####
08/08/23 22:55:01 EST -0500 | ##### Start #####
08/08/23 22:55:02 EST -0500 | #####  End  #####
08/08/23 22:56:02 EST -0500 | ##### Start #####
08/08/23 22:56:03 EST -0500 | #####  End  #####
08/08/23 22:57:02 EST -0500 | ##### Start #####
08/08/23 22:57:02 EST -0500 | #####  End  #####
08/08/23 22:58:03 EST -0500 | ##### Start #####
08/08/23 22:58:03 EST -0500 | #####  End  #####
08/08/23 22:59:02 EST -0500 | ##### Start #####
08/08/23 22:59:03 EST -0500 | #####  End  #####
08/08/23 23:00:02 EST -0500 | ##### Start #####
08/08/23 23:00:02 EST -0500 | #####  End  #####
08/08/23 23:01:02 EST -0500 | ##### Start #####
08/08/23 23:01:03 EST -0500 | #####  End  #####
08/08/23 23:02:02 EST -0500 | ##### Start #####
08/08/23 23:02:02 EST -0500 | #####  End  #####
08/08/23 23:03:02 EST -0500 | ##### Start #####
08/08/23 23:03:03 EST -0500 | #####  End  #####
08/08/23 23:04:02 EST -0500 | ##### Start #####
08/08/23 23:04:02 EST -0500 | #####  End  #####
08/08/23 23:05:02 EST -0500 | ##### Start #####
08/08/23 23:05:03 EST -0500 | #####  End  #####
08/08/23 23:06:02 EST -0500 | ##### Start #####
08/08/23 23:06:02 EST -0500 | #####  End  #####
08/08/23 23:07:02 EST -0500 | ##### Start #####
08/08/23 23:07:03 EST -0500 | #####  End  #####
08/08/23 23:08:02 EST -0500 | ##### Start #####
08/08/23 23:08:02 EST -0500 | #####  End  #####
08/08/23 23:09:02 EST -0500 | ##### Start #####
08/08/23 23:09:02 EST -0500 | #####  End  #####
08/08/23 23:10:02 EST -0500 | ##### Start #####
08/08/23 23:10:03 EST -0500 | #####  End  #####
08/08/23 23:11:02 EST -0500 | ##### Start #####
08/08/23 23:11:03 EST -0500 | #####  End  #####
08/08/23 23:12:02 EST -0500 | ##### Start #####
08/08/23 23:12:03 EST -0500 | #####  End  #####
08/08/23 23:13:01 EST -0500 | ##### Start #####
08/08/23 23:13:02 EST -0500 | #####  End  #####
08/08/23 23:14:02 EST -0500 | ##### Start #####
08/08/23 23:14:02 EST -0500 | #####  End  #####
08/08/23 23:15:02 EST -0500 | ##### Start #####
08/08/23 23:15:03 EST -0500 | #####  End  #####
08/08/23 23:16:02 EST -0500 | ##### Start #####
08/08/23 23:16:02 EST -0500 | #####  End  #####
08/08/23 23:17:02 EST -0500 | ##### Start #####
08/08/23 23:17:03 EST -0500 | #####  End  #####
08/08/23 23:18:02 EST -0500 | ##### Start #####
08/08/23 23:18:02 EST -0500 | #####  End  #####
08/08/23 23:19:02 EST -0500 | ##### Start #####
08/08/23 23:19:03 EST -0500 | #####  End  #####
08/08/23 23:20:02 EST -0500 | ##### Start #####
08/08/23 23:20:02 EST -0500 | #####  End  #####
08/08/23 23:21:02 EST -0500 | ##### Start #####
08/08/23 23:21:03 EST -0500 | #####  End  #####
08/08/23 23:22:02 EST -0500 | ##### Start #####
08/08/23 23:22:02 EST -0500 | #####  End  #####
08/08/23 23:23:02 EST -0500 | ##### Start #####
08/08/23 23:23:03 EST -0500 | #####  End  #####
08/08/23 23:24:02 EST -0500 | ##### Start #####
08/08/23 23:24:02 EST -0500 | #####  End  #####
08/08/23 23:25:02 EST -0500 | ##### Start #####
08/08/23 23:25:03 EST -0500 | #####  End  #####
08/08/23 23:26:02 EST -0500 | ##### Start #####
08/08/23 23:26:02 EST -0500 | #####  End  #####
08/08/23 23:27:02 EST -0500 | ##### Start #####
08/08/23 23:27:03 EST -0500 | #####  End  #####
08/08/23 23:28:02 EST -0500 | ##### Start #####
08/08/23 23:28:02 EST -0500 | #####  End  #####
08/08/23 23:29:02 EST -0500 | ##### Start #####
08/08/23 23:29:03 EST -0500 | #####  End  #####
08/08/23 23:30:02 EST -0500 | ##### Start #####
08/08/23 23:30:03 EST -0500 | #####  End  #####
08/08/23 23:31:01 EST -0500 | ##### Start #####
08/08/23 23:31:02 EST -0500 | #####  End  #####
08/08/23 23:32:02 EST -0500 | ##### Start #####
08/08/23 23:32:02 EST -0500 | #####  End  #####
08/08/23 23:33:02 EST -0500 | ##### Start #####
08/08/23 23:33:03 EST -0500 | #####  End  #####
08/08/23 23:34:03 EST -0500 | ##### Start #####
08/08/23 23:34:03 EST -0500 | #####  End  #####
08/08/23 23:35:02 EST -0500 | ##### Start #####
08/08/23 23:35:03 EST -0500 | #####  End  #####
08/08/23 23:36:01 EST -0500 | ##### Start #####
08/08/23 23:36:02 EST -0500 | #####  End  #####
08/08/23 23:37:02 EST -0500 | ##### Start #####
08/08/23 23:37:03 EST -0500 | #####  End  #####
08/08/23 23:38:02 EST -0500 | ##### Start #####
08/08/23 23:38:02 EST -0500 | #####  End  #####
08/08/23 23:39:02 EST -0500 | ##### Start #####
08/08/23 23:39:02 EST -0500 | #####  End  #####
08/08/23 23:40:02 EST -0500 | ##### Start #####
08/08/23 23:40:03 EST -0500 | #####  End  #####
08/08/23 23:41:01 EST -0500 | ##### Start #####
08/08/23 23:41:02 EST -0500 | #####  End  #####
08/08/23 23:42:02 EST -0500 | ##### Start #####
08/08/23 23:42:02 EST -0500 | #####  End  #####
08/08/23 23:43:02 EST -0500 | ##### Start #####
08/08/23 23:43:03 EST -0500 | #####  End  #####
08/08/23 23:44:02 EST -0500 | ##### Start #####
08/08/23 23:44:03 EST -0500 | #####  End  #####
08/08/23 23:45:02 EST -0500 | ##### Start #####
08/08/23 23:45:02 EST -0500 | #####  End  #####
08/08/23 23:46:02 EST -0500 | ##### Start #####
08/08/23 23:46:03 EST -0500 | #####  End  #####
08/08/23 23:47:02 EST -0500 | ##### Start #####
08/08/23 23:47:03 EST -0500 | #####  End  #####
08/08/23 23:48:02 EST -0500 | ##### Start #####
08/08/23 23:48:02 EST -0500 | #####  End  #####
08/08/23 23:49:02 EST -0500 | ##### Start #####
08/08/23 23:49:03 EST -0500 | #####  End  #####
08/08/23 23:50:02 EST -0500 | ##### Start #####
08/08/23 23:50:02 EST -0500 | #####  End  #####
08/08/23 23:51:02 EST -0500 | ##### Start #####
08/08/23 23:51:02 EST -0500 | #####  End  #####
08/08/23 23:52:02 EST -0500 | ##### Start #####
08/08/23 23:52:03 EST -0500 | #####  End  #####
08/08/23 23:53:02 EST -0500 | ##### Start #####
08/08/23 23:53:03 EST -0500 | #####  End  #####
08/08/23 23:54:02 EST -0500 | ##### Start #####
08/08/23 23:54:02 EST -0500 | #####  End  #####
08/08/23 23:55:02 EST -0500 | ##### Start #####
08/08/23 23:55:03 EST -0500 | #####  End  #####
08/08/23 23:56:02 EST -0500 | ##### Start #####
08/08/23 23:56:02 EST -0500 | #####  End  #####
08/08/23 23:57:02 EST -0500 | ##### Start #####
08/08/23 23:57:03 EST -0500 | #####  End  #####
08/08/23 23:58:02 EST -0500 | ##### Start #####
08/08/23 23:58:02 EST -0500 | #####  End  #####
08/08/23 23:59:02 EST -0500 | ##### Start #####
08/08/23 23:59:03 EST -0500 | #####  End  #####
08/09/23 00:00:02 EST -0500 | ##### Start #####
08/09/23 00:00:03 EST -0500 | #####  End  #####
08/09/23 00:01:02 EST -0500 | ##### Start #####
08/09/23 00:01:03 EST -0500 | #####  End  #####
08/09/23 00:02:02 EST -0500 | ##### Start #####
08/09/23 00:02:02 EST -0500 | #####  End  #####
08/09/23 00:03:02 EST -0500 | ##### Start #####
08/09/23 00:03:03 EST -0500 | #####  End  #####
08/09/23 00:04:01 EST -0500 | ##### Start #####
08/09/23 00:04:02 EST -0500 | #####  End  #####
08/09/23 00:05:02 EST -0500 | ##### Start #####
08/09/23 00:05:03 EST -0500 | #####  End  #####
08/09/23 00:06:02 EST -0500 | ##### Start #####
08/09/23 00:06:02 EST -0500 | #####  End  #####
08/09/23 00:07:02 EST -0500 | ##### Start #####
08/09/23 00:07:03 EST -0500 | #####  End  #####
08/09/23 00:08:02 EST -0500 | ##### Start #####
08/09/23 00:08:02 EST -0500 | #####  End  #####
08/09/23 00:09:02 EST -0500 | ##### Start #####
08/09/23 00:09:03 EST -0500 | #####  End  #####
08/09/23 00:10:02 EST -0500 | ##### Start #####
08/09/23 00:10:02 EST -0500 | #####  End  #####
08/09/23 00:11:02 EST -0500 | ##### Start #####
08/09/23 00:11:02 EST -0500 | #####  End  #####
08/09/23 00:12:03 EST -0500 | ##### Start #####
08/09/23 00:12:03 EST -0500 | #####  End  #####
08/09/23 00:13:02 EST -0500 | ##### Start #####
08/09/23 00:13:03 EST -0500 | #####  End  #####
08/09/23 00:14:02 EST -0500 | ##### Start #####
08/09/23 00:14:02 EST -0500 | #####  End  #####
08/09/23 00:15:02 EST -0500 | ##### Start #####
08/09/23 00:15:03 EST -0500 | #####  End  #####
08/09/23 00:16:02 EST -0500 | ##### Start #####
08/09/23 00:16:02 EST -0500 | #####  End  #####
08/09/23 00:17:02 EST -0500 | ##### Start #####
08/09/23 00:17:03 EST -0500 | #####  End  #####
08/09/23 00:18:02 EST -0500 | ##### Start #####
08/09/23 00:18:02 EST -0500 | #####  End  #####
08/09/23 00:19:03 EST -0500 | ##### Start #####
08/09/23 00:19:04 EST -0500 | #####  End  #####
08/09/23 00:20:02 EST -0500 | ##### Start #####
08/09/23 00:20:02 EST -0500 | #####  End  #####
08/09/23 00:21:02 EST -0500 | ##### Start #####
08/09/23 00:21:03 EST -0500 | #####  End  #####
08/09/23 00:22:02 EST -0500 | ##### Start #####
08/09/23 00:22:02 EST -0500 | #####  End  #####
08/09/23 00:23:02 EST -0500 | ##### Start #####
08/09/23 00:23:03 EST -0500 | #####  End  #####
08/09/23 00:24:02 EST -0500 | ##### Start #####
08/09/23 00:24:02 EST -0500 | #####  End  #####
08/09/23 00:25:02 EST -0500 | ##### Start #####
08/09/23 00:25:03 EST -0500 | #####  End  #####
08/09/23 00:26:02 EST -0500 | ##### Start #####
08/09/23 00:26:02 EST -0500 | #####  End  #####
08/09/23 00:27:02 EST -0500 | ##### Start #####
08/09/23 00:27:03 EST -0500 | #####  End  #####
08/09/23 00:28:01 EST -0500 | ##### Start #####
08/09/23 00:28:02 EST -0500 | #####  End  #####
08/09/23 00:29:02 EST -0500 | ##### Start #####
08/09/23 00:29:03 EST -0500 | #####  End  #####
08/09/23 00:30:02 EST -0500 | ##### Start #####
08/09/23 00:30:03 EST -0500 | #####  End  #####
08/09/23 00:31:02 EST -0500 | ##### Start #####
08/09/23 00:31:02 EST -0500 | #####  End  #####
08/09/23 00:32:02 EST -0500 | ##### Start #####
08/09/23 00:32:03 EST -0500 | #####  End  #####
08/09/23 00:33:02 EST -0500 | ##### Start #####
08/09/23 00:33:02 EST -0500 | #####  End  #####
08/09/23 00:34:02 EST -0500 | ##### Start #####
08/09/23 00:34:02 EST -0500 | #####  End  #####
08/09/23 00:35:02 EST -0500 | ##### Start #####
08/09/23 00:35:03 EST -0500 | #####  End  #####
08/09/23 00:36:02 EST -0500 | ##### Start #####
08/09/23 00:36:03 EST -0500 | #####  End  #####
08/09/23 00:37:01 EST -0500 | ##### Start #####
08/09/23 00:37:02 EST -0500 | #####  End  #####
08/09/23 00:38:02 EST -0500 | ##### Start #####
08/09/23 00:38:03 EST -0500 | #####  End  #####
08/09/23 00:39:02 EST -0500 | ##### Start #####
08/09/23 00:39:02 EST -0500 | #####  End  #####
08/09/23 00:40:02 EST -0500 | ##### Start #####
08/09/23 00:40:03 EST -0500 | #####  End  #####
08/09/23 00:41:02 EST -0500 | ##### Start #####
08/09/23 00:41:03 EST -0500 | #####  End  #####
08/09/23 00:42:02 EST -0500 | ##### Start #####
08/09/23 00:42:02 EST -0500 | #####  End  #####
08/09/23 00:43:02 EST -0500 | ##### Start #####
08/09/23 00:43:03 EST -0500 | #####  End  #####
08/09/23 00:44:02 EST -0500 | ##### Start #####
08/09/23 00:44:02 EST -0500 | #####  End  #####
08/09/23 00:45:02 EST -0500 | ##### Start #####
08/09/23 00:45:03 EST -0500 | #####  End  #####
08/09/23 00:46:02 EST -0500 | ##### Start #####
08/09/23 00:46:03 EST -0500 | #####  End  #####
08/09/23 00:47:02 EST -0500 | ##### Start #####
08/09/23 00:47:03 EST -0500 | #####  End  #####
08/09/23 00:48:02 EST -0500 | ##### Start #####
08/09/23 00:48:03 EST -0500 | #####  End  #####
08/09/23 00:49:02 EST -0500 | ##### Start #####
08/09/23 00:49:02 EST -0500 | #####  End  #####
08/09/23 00:50:02 EST -0500 | ##### Start #####
08/09/23 00:50:03 EST -0500 | #####  End  #####
08/09/23 00:51:02 EST -0500 | ##### Start #####
08/09/23 00:51:03 EST -0500 | #####  End  #####
08/09/23 00:52:01 EST -0500 | ##### Start #####
08/09/23 00:52:02 EST -0500 | #####  End  #####
08/09/23 00:53:02 EST -0500 | ##### Start #####
08/09/23 00:53:02 EST -0500 | #####  End  #####
08/09/23 00:54:02 EST -0500 | ##### Start #####
08/09/23 00:54:03 EST -0500 | #####  End  #####
08/09/23 00:55:02 EST -0500 | ##### Start #####
08/09/23 00:55:02 EST -0500 | #####  End  #####
08/09/23 00:56:02 EST -0500 | ##### Start #####
08/09/23 00:56:03 EST -0500 | #####  End  #####
08/09/23 00:57:02 EST -0500 | ##### Start #####
08/09/23 00:57:02 EST -0500 | #####  End  #####
08/09/23 00:58:02 EST -0500 | ##### Start #####
08/09/23 00:58:03 EST -0500 | #####  End  #####
08/09/23 00:59:02 EST -0500 | ##### Start #####
08/09/23 00:59:02 EST -0500 | #####  End  #####
08/09/23 01:00:02 EST -0500 | ##### Start #####
08/09/23 01:00:03 EST -0500 | #####  End  #####
08/09/23 01:01:02 EST -0500 | ##### Start #####
08/09/23 01:01:03 EST -0500 | #####  End  #####
08/09/23 01:02:02 EST -0500 | ##### Start #####
08/09/23 01:02:02 EST -0500 | #####  End  #####
08/09/23 01:03:02 EST -0500 | ##### Start #####
08/09/23 01:03:03 EST -0500 | #####  End  #####
08/09/23 01:04:02 EST -0500 | ##### Start #####
08/09/23 01:04:03 EST -0500 | #####  End  #####
08/09/23 01:05:02 EST -0500 | ##### Start #####
08/09/23 01:05:02 EST -0500 | #####  End  #####
08/09/23 01:06:02 EST -0500 | ##### Start #####
08/09/23 01:06:03 EST -0500 | #####  End  #####
08/09/23 01:07:02 EST -0500 | ##### Start #####
08/09/23 01:07:02 EST -0500 | #####  End  #####
08/09/23 01:08:02 EST -0500 | ##### Start #####
08/09/23 01:08:03 EST -0500 | #####  End  #####
08/09/23 01:09:02 EST -0500 | ##### Start #####
08/09/23 01:09:02 EST -0500 | #####  End  #####
08/09/23 01:10:02 EST -0500 | ##### Start #####
08/09/23 01:10:03 EST -0500 | #####  End  #####
08/09/23 01:11:02 EST -0500 | ##### Start #####
08/09/23 01:11:02 EST -0500 | #####  End  #####
08/09/23 01:12:02 EST -0500 | ##### Start #####
08/09/23 01:12:02 EST -0500 | #####  End  #####
08/09/23 01:13:02 EST -0500 | ##### Start #####
08/09/23 01:13:02 EST -0500 | #####  End  #####
08/09/23 01:14:03 EST -0500 | ##### Start #####
08/09/23 01:14:03 EST -0500 | #####  End  #####
08/09/23 01:15:02 EST -0500 | ##### Start #####
08/09/23 01:15:03 EST -0500 | #####  End  #####
08/09/23 01:16:02 EST -0500 | ##### Start #####
08/09/23 01:16:02 EST -0500 | #####  End  #####
08/09/23 01:17:02 EST -0500 | ##### Start #####
08/09/23 01:17:03 EST -0500 | #####  End  #####
08/09/23 01:18:02 EST -0500 | ##### Start #####
08/09/23 01:18:03 EST -0500 | #####  End  #####
08/09/23 01:19:02 EST -0500 | ##### Start #####
08/09/23 01:19:02 EST -0500 | #####  End  #####
08/09/23 01:20:02 EST -0500 | ##### Start #####
08/09/23 01:20:03 EST -0500 | #####  End  #####
08/09/23 01:21:02 EST -0500 | ##### Start #####
08/09/23 01:21:02 EST -0500 | #####  End  #####
08/09/23 01:22:02 EST -0500 | ##### Start #####
08/09/23 01:22:03 EST -0500 | #####  End  #####
08/09/23 01:23:02 EST -0500 | ##### Start #####
08/09/23 01:23:03 EST -0500 | #####  End  #####
08/09/23 01:24:02 EST -0500 | ##### Start #####
08/09/23 01:24:02 EST -0500 | #####  End  #####
08/09/23 01:25:02 EST -0500 | ##### Start #####
08/09/23 01:25:03 EST -0500 | #####  End  #####
08/09/23 01:26:01 EST -0500 | ##### Start #####
08/09/23 01:26:02 EST -0500 | #####  End  #####
08/09/23 01:27:02 EST -0500 | ##### Start #####
08/09/23 01:27:02 EST -0500 | #####  End  #####
08/09/23 01:28:02 EST -0500 | ##### Start #####
08/09/23 01:28:03 EST -0500 | #####  End  #####
08/09/23 01:29:02 EST -0500 | ##### Start #####
08/09/23 01:29:03 EST -0500 | #####  End  #####
08/09/23 01:30:02 EST -0500 | ##### Start #####
08/09/23 01:30:03 EST -0500 | #####  End  #####
08/09/23 01:31:02 EST -0500 | ##### Start #####
08/09/23 01:31:02 EST -0500 | #####  End  #####
08/09/23 01:32:02 EST -0500 | ##### Start #####
08/09/23 01:32:03 EST -0500 | #####  End  #####
08/09/23 01:33:02 EST -0500 | ##### Start #####
08/09/23 01:33:03 EST -0500 | #####  End  #####
08/09/23 01:34:01 EST -0500 | ##### Start #####
08/09/23 01:34:02 EST -0500 | #####  End  #####
08/09/23 01:35:02 EST -0500 | ##### Start #####
08/09/23 01:35:03 EST -0500 | #####  End  #####
08/09/23 01:36:02 EST -0500 | ##### Start #####
08/09/23 01:36:02 EST -0500 | #####  End  #####
08/09/23 01:37:03 EST -0500 | ##### Start #####
08/09/23 01:37:03 EST -0500 | #####  End  #####
08/09/23 01:38:02 EST -0500 | ##### Start #####
08/09/23 01:38:03 EST -0500 | #####  End  #####
08/09/23 01:39:02 EST -0500 | ##### Start #####
08/09/23 01:39:02 EST -0500 | #####  End  #####
08/09/23 01:40:02 EST -0500 | ##### Start #####
08/09/23 01:40:03 EST -0500 | #####  End  #####
08/09/23 01:41:02 EST -0500 | ##### Start #####
08/09/23 01:41:03 EST -0500 | #####  End  #####
08/09/23 01:42:02 EST -0500 | ##### Start #####
08/09/23 01:42:02 EST -0500 | #####  End  #####
08/09/23 01:43:02 EST -0500 | ##### Start #####
08/09/23 01:43:03 EST -0500 | #####  End  #####
08/09/23 01:44:02 EST -0500 | ##### Start #####
08/09/23 01:44:02 EST -0500 | #####  End  #####
08/09/23 01:45:03 EST -0500 | ##### Start #####
08/09/23 01:45:03 EST -0500 | #####  End  #####
08/09/23 01:46:02 EST -0500 | ##### Start #####
08/09/23 01:46:03 EST -0500 | #####  End  #####
08/09/23 01:47:02 EST -0500 | ##### Start #####
08/09/23 01:47:03 EST -0500 | #####  End  #####
08/09/23 01:48:02 EST -0500 | ##### Start #####
08/09/23 01:48:02 EST -0500 | #####  End  #####
08/09/23 01:49:02 EST -0500 | ##### Start #####
08/09/23 01:49:03 EST -0500 | #####  End  #####
08/09/23 01:50:02 EST -0500 | ##### Start #####
08/09/23 01:50:02 EST -0500 | #####  End  #####
08/09/23 01:51:02 EST -0500 | ##### Start #####
08/09/23 01:51:02 EST -0500 | #####  End  #####
08/09/23 01:52:02 EST -0500 | ##### Start #####
08/09/23 01:52:02 EST -0500 | #####  End  #####
08/09/23 01:53:03 EST -0500 | ##### Start #####
08/09/23 01:53:03 EST -0500 | #####  End  #####
08/09/23 01:54:03 EST -0500 | ##### Start #####
08/09/23 01:54:03 EST -0500 | #####  End  #####
08/09/23 01:55:02 EST -0500 | ##### Start #####
08/09/23 01:55:03 EST -0500 | #####  End  #####
08/09/23 01:56:02 EST -0500 | ##### Start #####
08/09/23 01:56:02 EST -0500 | #####  End  #####
08/09/23 01:57:02 EST -0500 | ##### Start #####
08/09/23 01:57:03 EST -0500 | #####  End  #####
08/09/23 01:58:02 EST -0500 | ##### Start #####
08/09/23 01:58:02 EST -0500 | #####  End  #####
08/09/23 01:59:02 EST -0500 | ##### Start #####
08/09/23 01:59:03 EST -0500 | #####  End  #####
08/09/23 02:00:02 EST -0500 | ##### Start #####
08/09/23 02:00:03 EST -0500 | #####  End  #####
08/09/23 02:01:02 EST -0500 | ##### Start #####
08/09/23 02:01:02 EST -0500 | #####  End  #####
08/09/23 02:02:02 EST -0500 | ##### Start #####
08/09/23 02:02:03 EST -0500 | #####  End  #####
08/09/23 02:03:02 EST -0500 | ##### Start #####
08/09/23 02:03:02 EST -0500 | #####  End  #####
08/09/23 02:04:02 EST -0500 | ##### Start #####
08/09/23 02:04:03 EST -0500 | #####  End  #####
08/09/23 02:05:01 EST -0500 | ##### Start #####
08/09/23 02:05:02 EST -0500 | #####  End  #####
08/09/23 02:06:02 EST -0500 | ##### Start #####
08/09/23 02:06:02 EST -0500 | #####  End  #####
08/09/23 02:07:02 EST -0500 | ##### Start #####
08/09/23 02:07:03 EST -0500 | #####  End  #####
08/09/23 02:08:02 EST -0500 | ##### Start #####
08/09/23 02:08:03 EST -0500 | #####  End  #####
08/09/23 02:09:02 EST -0500 | ##### Start #####
08/09/23 02:09:02 EST -0500 | #####  End  #####
08/09/23 02:10:02 EST -0500 | ##### Start #####
08/09/23 02:10:03 EST -0500 | #####  End  #####
08/09/23 02:11:02 EST -0500 | ##### Start #####
08/09/23 02:11:03 EST -0500 | #####  End  #####
08/09/23 02:12:01 EST -0500 | ##### Start #####
08/09/23 02:12:02 EST -0500 | #####  End  #####
08/09/23 02:13:02 EST -0500 | ##### Start #####
08/09/23 02:13:03 EST -0500 | #####  End  #####
08/09/23 02:14:02 EST -0500 | ##### Start #####
08/09/23 02:14:02 EST -0500 | #####  End  #####
08/09/23 02:15:02 EST -0500 | ##### Start #####
08/09/23 02:15:02 EST -0500 | #####  End  #####
08/09/23 02:16:03 EST -0500 | ##### Start #####
08/09/23 02:16:03 EST -0500 | #####  End  #####
08/09/23 02:17:02 EST -0500 | ##### Start #####
08/09/23 02:17:03 EST -0500 | #####  End  #####
08/09/23 02:18:02 EST -0500 | ##### Start #####
08/09/23 02:18:03 EST -0500 | #####  End  #####
08/09/23 02:19:01 EST -0500 | ##### Start #####
08/09/23 02:19:02 EST -0500 | #####  End  #####
08/09/23 02:20:02 EST -0500 | ##### Start #####
08/09/23 02:20:03 EST -0500 | #####  End  #####
08/09/23 02:21:02 EST -0500 | ##### Start #####
08/09/23 02:21:03 EST -0500 | #####  End  #####
08/09/23 02:22:01 EST -0500 | ##### Start #####
08/09/23 02:22:02 EST -0500 | #####  End  #####
08/09/23 02:23:02 EST -0500 | ##### Start #####
08/09/23 02:23:03 EST -0500 | #####  End  #####
08/09/23 02:24:02 EST -0500 | ##### Start #####
08/09/23 02:24:02 EST -0500 | #####  End  #####
08/09/23 02:25:02 EST -0500 | ##### Start #####
08/09/23 02:25:03 EST -0500 | #####  End  #####
08/09/23 02:26:02 EST -0500 | ##### Start #####
08/09/23 02:26:02 EST -0500 | #####  End  #####
08/09/23 02:27:02 EST -0500 | ##### Start #####
08/09/23 02:27:03 EST -0500 | #####  End  #####
08/09/23 02:28:02 EST -0500 | ##### Start #####
08/09/23 02:28:02 EST -0500 | #####  End  #####
08/09/23 02:29:02 EST -0500 | ##### Start #####
08/09/23 02:29:03 EST -0500 | #####  End  #####
08/09/23 02:30:02 EST -0500 | ##### Start #####
08/09/23 02:30:02 EST -0500 | #####  End  #####
08/09/23 02:31:03 EST -0500 | ##### Start #####
08/09/23 02:31:03 EST -0500 | #####  End  #####
08/09/23 02:32:03 EST -0500 | ##### Start #####
08/09/23 02:32:03 EST -0500 | #####  End  #####
08/09/23 02:33:02 EST -0500 | ##### Start #####
08/09/23 02:33:03 EST -0500 | #####  End  #####
08/09/23 02:34:01 EST -0500 | ##### Start #####
08/09/23 02:34:02 EST -0500 | #####  End  #####
08/09/23 02:35:02 EST -0500 | ##### Start #####
08/09/23 02:35:02 EST -0500 | #####  End  #####
08/09/23 02:36:02 EST -0500 | ##### Start #####
08/09/23 02:36:03 EST -0500 | #####  End  #####
08/09/23 02:37:02 EST -0500 | ##### Start #####
08/09/23 02:37:03 EST -0500 | #####  End  #####
08/09/23 02:38:02 EST -0500 | ##### Start #####
08/09/23 02:38:02 EST -0500 | #####  End  #####
08/09/23 02:39:02 EST -0500 | ##### Start #####
08/09/23 02:39:02 EST -0500 | #####  End  #####
08/09/23 02:40:03 EST -0500 | ##### Start #####
08/09/23 02:40:04 EST -0500 | #####  End  #####
08/09/23 02:41:02 EST -0500 | ##### Start #####
08/09/23 02:41:03 EST -0500 | #####  End  #####
08/09/23 02:42:02 EST -0500 | ##### Start #####
08/09/23 02:42:02 EST -0500 | #####  End  #####
08/09/23 02:43:02 EST -0500 | ##### Start #####
08/09/23 02:43:02 EST -0500 | #####  End  #####
08/09/23 02:44:02 EST -0500 | ##### Start #####
08/09/23 02:44:03 EST -0500 | #####  End  #####
08/09/23 02:45:02 EST -0500 | ##### Start #####
08/09/23 02:45:02 EST -0500 | #####  End  #####
08/09/23 02:46:02 EST -0500 | ##### Start #####
08/09/23 02:46:03 EST -0500 | #####  End  #####
08/09/23 02:47:02 EST -0500 | ##### Start #####
08/09/23 02:47:03 EST -0500 | #####  End  #####
08/09/23 02:48:02 EST -0500 | ##### Start #####
08/09/23 02:48:02 EST -0500 | #####  End  #####
08/09/23 02:49:02 EST -0500 | ##### Start #####
08/09/23 02:49:03 EST -0500 | #####  End  #####
08/09/23 02:50:02 EST -0500 | ##### Start #####
08/09/23 02:50:02 EST -0500 | #####  End  #####
08/09/23 02:51:02 EST -0500 | ##### Start #####
08/09/23 02:51:03 EST -0500 | #####  End  #####
08/09/23 02:52:02 EST -0500 | ##### Start #####
08/09/23 02:52:02 EST -0500 | #####  End  #####
08/09/23 02:53:02 EST -0500 | ##### Start #####
08/09/23 02:53:03 EST -0500 | #####  End  #####
08/09/23 02:54:02 EST -0500 | ##### Start #####
08/09/23 02:54:02 EST -0500 | #####  End  #####
08/09/23 02:55:02 EST -0500 | ##### Start #####
08/09/23 02:55:03 EST -0500 | #####  End  #####
08/09/23 02:56:01 EST -0500 | ##### Start #####
08/09/23 02:56:02 EST -0500 | #####  End  #####
08/09/23 02:57:02 EST -0500 | ##### Start #####
08/09/23 02:57:03 EST -0500 | #####  End  #####
08/09/23 02:58:02 EST -0500 | ##### Start #####
08/09/23 02:58:02 EST -0500 | #####  End  #####
08/09/23 02:59:02 EST -0500 | ##### Start #####
08/09/23 02:59:03 EST -0500 | #####  End  #####
08/09/23 03:00:02 EST -0500 | ##### Start #####
08/09/23 03:00:03 EST -0500 | #####  End  #####
08/09/23 03:01:02 EST -0500 | ##### Start #####
08/09/23 03:01:02 EST -0500 | #####  End  #####
08/09/23 03:02:02 EST -0500 | ##### Start #####
08/09/23 03:02:03 EST -0500 | #####  End  #####
08/09/23 03:03:02 EST -0500 | ##### Start #####
08/09/23 03:03:02 EST -0500 | #####  End  #####
08/09/23 03:04:03 EST -0500 | ##### Start #####
08/09/23 03:04:03 EST -0500 | #####  End  #####
08/09/23 03:05:03 EST -0500 | ##### Start #####
08/09/23 03:05:03 EST -0500 | #####  End  #####
08/09/23 03:06:02 EST -0500 | ##### Start #####
08/09/23 03:06:03 EST -0500 | #####  End  #####
08/09/23 03:07:01 EST -0500 | ##### Start #####
08/09/23 03:07:02 EST -0500 | #####  End  #####
08/09/23 03:08:02 EST -0500 | ##### Start #####
08/09/23 03:08:02 EST -0500 | #####  End  #####
08/09/23 03:09:02 EST -0500 | ##### Start #####
08/09/23 03:09:03 EST -0500 | #####  End  #####
08/09/23 03:10:02 EST -0500 | ##### Start #####
08/09/23 03:10:03 EST -0500 | #####  End  #####
08/09/23 03:11:02 EST -0500 | ##### Start #####
08/09/23 03:11:03 EST -0500 | #####  End  #####
08/09/23 03:12:02 EST -0500 | ##### Start #####
08/09/23 03:12:02 EST -0500 | #####  End  #####
08/09/23 03:13:02 EST -0500 | ##### Start #####
08/09/23 03:13:03 EST -0500 | #####  End  #####
08/09/23 03:14:02 EST -0500 | ##### Start #####
08/09/23 03:14:02 EST -0500 | #####  End  #####
08/09/23 03:15:02 EST -0500 | ##### Start #####
08/09/23 03:15:03 EST -0500 | #####  End  #####
08/09/23 03:16:02 EST -0500 | ##### Start #####
08/09/23 03:16:03 EST -0500 | #####  End  #####
08/09/23 03:17:01 EST -0500 | ##### Start #####
08/09/23 03:17:02 EST -0500 | #####  End  #####
08/09/23 03:18:02 EST -0500 | ##### Start #####
08/09/23 03:18:02 EST -0500 | #####  End  #####
08/09/23 03:19:02 EST -0500 | ##### Start #####
08/09/23 03:19:03 EST -0500 | #####  End  #####
08/09/23 03:20:02 EST -0500 | ##### Start #####
08/09/23 03:20:02 EST -0500 | #####  End  #####
08/09/23 03:21:01 EST -0500 | ##### Start #####
08/09/23 03:21:02 EST -0500 | #####  End  #####
08/09/23 03:22:02 EST -0500 | ##### Start #####
08/09/23 03:22:03 EST -0500 | #####  End  #####
08/09/23 03:23:02 EST -0500 | ##### Start #####
08/09/23 03:23:03 EST -0500 | #####  End  #####
08/09/23 03:24:02 EST -0500 | ##### Start #####
08/09/23 03:24:02 EST -0500 | #####  End  #####
08/09/23 03:25:02 EST -0500 | ##### Start #####
08/09/23 03:25:03 EST -0500 | #####  End  #####
08/09/23 03:26:02 EST -0500 | ##### Start #####
08/09/23 03:26:02 EST -0500 | #####  End  #####
08/09/23 03:27:02 EST -0500 | ##### Start #####
08/09/23 03:27:03 EST -0500 | #####  End  #####
08/09/23 03:28:02 EST -0500 | ##### Start #####
08/09/23 03:28:03 EST -0500 | #####  End  #####
08/09/23 03:29:02 EST -0500 | ##### Start #####
08/09/23 03:29:02 EST -0500 | #####  End  #####
08/09/23 03:30:03 EST -0500 | ##### Start #####
08/09/23 03:30:03 EST -0500 | #####  End  #####
08/09/23 03:31:02 EST -0500 | ##### Start #####
08/09/23 03:31:03 EST -0500 | #####  End  #####
08/09/23 03:32:02 EST -0500 | ##### Start #####
08/09/23 03:32:03 EST -0500 | #####  End  #####
08/09/23 03:33:02 EST -0500 | ##### Start #####
08/09/23 03:33:02 EST -0500 | #####  End  #####
08/09/23 03:34:02 EST -0500 | ##### Start #####
08/09/23 03:34:02 EST -0500 | #####  End  #####
08/09/23 03:35:02 EST -0500 | ##### Start #####
08/09/23 03:35:03 EST -0500 | #####  End  #####
08/09/23 03:36:02 EST -0500 | ##### Start #####
08/09/23 03:36:02 EST -0500 | #####  End  #####
08/09/23 03:37:02 EST -0500 | ##### Start #####
08/09/23 03:37:03 EST -0500 | #####  End  #####
08/09/23 03:38:02 EST -0500 | ##### Start #####
08/09/23 03:38:02 EST -0500 | #####  End  #####
08/09/23 03:39:02 EST -0500 | ##### Start #####
08/09/23 03:39:03 EST -0500 | #####  End  #####
08/09/23 03:40:02 EST -0500 | ##### Start #####
08/09/23 03:40:03 EST -0500 | #####  End  #####
08/09/23 03:41:02 EST -0500 | ##### Start #####
08/09/23 03:41:02 EST -0500 | #####  End  #####
08/09/23 03:42:02 EST -0500 | ##### Start #####
08/09/23 03:42:02 EST -0500 | #####  End  #####
08/09/23 03:43:03 EST -0500 | ##### Start #####
08/09/23 03:43:03 EST -0500 | #####  End  #####
08/09/23 03:44:02 EST -0500 | ##### Start #####
08/09/23 03:44:03 EST -0500 | #####  End  #####
08/09/23 03:45:02 EST -0500 | ##### Start #####
08/09/23 03:45:02 EST -0500 | #####  End  #####
08/09/23 03:46:02 EST -0500 | ##### Start #####
08/09/23 03:46:02 EST -0500 | #####  End  #####
08/09/23 03:47:02 EST -0500 | ##### Start #####
08/09/23 03:47:03 EST -0500 | #####  End  #####
08/09/23 03:48:02 EST -0500 | ##### Start #####
08/09/23 03:48:03 EST -0500 | #####  End  #####
08/09/23 03:49:02 EST -0500 | ##### Start #####
08/09/23 03:49:02 EST -0500 | #####  End  #####
08/09/23 03:50:02 EST -0500 | ##### Start #####
08/09/23 03:50:03 EST -0500 | #####  End  #####
08/09/23 03:51:02 EST -0500 | ##### Start #####
08/09/23 03:51:03 EST -0500 | #####  End  #####
08/09/23 03:52:02 EST -0500 | ##### Start #####
08/09/23 03:52:02 EST -0500 | #####  End  #####
08/09/23 03:53:02 EST -0500 | ##### Start #####
08/09/23 03:53:03 EST -0500 | #####  End  #####
08/09/23 03:54:02 EST -0500 | ##### Start #####
08/09/23 03:54:02 EST -0500 | #####  End  #####
08/09/23 03:55:02 EST -0500 | ##### Start #####
08/09/23 03:55:03 EST -0500 | #####  End  #####
08/09/23 03:56:02 EST -0500 | ##### Start #####
08/09/23 03:56:03 EST -0500 | #####  End  #####
08/09/23 03:57:02 EST -0500 | ##### Start #####
08/09/23 03:57:02 EST -0500 | #####  End  #####
08/09/23 03:58:02 EST -0500 | ##### Start #####
08/09/23 03:58:03 EST -0500 | #####  End  #####
08/09/23 03:59:02 EST -0500 | ##### Start #####
08/09/23 03:59:02 EST -0500 | #####  End  #####
08/09/23 04:00:02 EST -0500 | ##### Start #####
08/09/23 04:00:03 EST -0500 | #####  End  #####
08/09/23 04:01:02 EST -0500 | ##### Start #####
08/09/23 04:01:03 EST -0500 | #####  End  #####
08/09/23 04:02:01 EST -0500 | ##### Start #####
08/09/23 04:02:02 EST -0500 | #####  End  #####
08/09/23 04:03:02 EST -0500 | ##### Start #####
08/09/23 04:03:02 EST -0500 | #####  End  #####
08/09/23 04:04:02 EST -0500 | ##### Start #####
08/09/23 04:04:03 EST -0500 | #####  End  #####
08/09/23 04:05:02 EST -0500 | ##### Start #####
08/09/23 04:05:02 EST -0500 | #####  End  #####
08/09/23 04:06:02 EST -0500 | ##### Start #####
08/09/23 04:06:03 EST -0500 | #####  End  #####
08/09/23 04:07:02 EST -0500 | ##### Start #####
08/09/23 04:07:02 EST -0500 | #####  End  #####
08/09/23 04:08:02 EST -0500 | ##### Start #####
08/09/23 04:08:03 EST -0500 | #####  End  #####
08/09/23 04:09:02 EST -0500 | ##### Start #####
08/09/23 04:09:03 EST -0500 | #####  End  #####
08/09/23 04:10:02 EST -0500 | ##### Start #####
08/09/23 04:10:02 EST -0500 | #####  End  #####
08/09/23 04:11:01 EST -0500 | ##### Start #####
08/09/23 04:11:02 EST -0500 | #####  End  #####
08/09/23 04:12:02 EST -0500 | ##### Start #####
08/09/23 04:12:02 EST -0500 | #####  End  #####
08/09/23 04:13:02 EST -0500 | ##### Start #####
08/09/23 04:13:03 EST -0500 | #####  End  #####
08/09/23 04:14:02 EST -0500 | ##### Start #####
08/09/23 04:14:02 EST -0500 | #####  End  #####
08/09/23 04:15:02 EST -0500 | ##### Start #####
08/09/23 04:15:03 EST -0500 | #####  End  #####
08/09/23 04:16:02 EST -0500 | ##### Start #####
08/09/23 04:16:03 EST -0500 | #####  End  #####
08/09/23 04:17:02 EST -0500 | ##### Start #####
08/09/23 04:17:02 EST -0500 | #####  End  #####
08/09/23 04:18:02 EST -0500 | ##### Start #####
08/09/23 04:18:03 EST -0500 | #####  End  #####
08/09/23 04:19:02 EST -0500 | ##### Start #####
08/09/23 04:19:03 EST -0500 | #####  End  #####
08/09/23 04:20:02 EST -0500 | ##### Start #####
08/09/23 04:20:02 EST -0500 | #####  End  #####
08/09/23 04:21:03 EST -0500 | ##### Start #####
08/09/23 04:21:03 EST -0500 | #####  End  #####
08/09/23 04:22:02 EST -0500 | ##### Start #####
08/09/23 04:22:03 EST -0500 | #####  End  #####
08/09/23 04:23:02 EST -0500 | ##### Start #####
08/09/23 04:23:02 EST -0500 | #####  End  #####
08/09/23 04:24:01 EST -0500 | ##### Start #####
08/09/23 04:24:02 EST -0500 | #####  End  #####
08/09/23 04:25:02 EST -0500 | ##### Start #####
08/09/23 04:25:02 EST -0500 | #####  End  #####
08/09/23 04:26:02 EST -0500 | ##### Start #####
08/09/23 04:26:03 EST -0500 | #####  End  #####
08/09/23 04:27:02 EST -0500 | ##### Start #####
08/09/23 04:27:02 EST -0500 | #####  End  #####
08/09/23 04:28:02 EST -0500 | ##### Start #####
08/09/23 04:28:03 EST -0500 | #####  End  #####
08/09/23 04:29:02 EST -0500 | ##### Start #####
08/09/23 04:29:02 EST -0500 | #####  End  #####
08/09/23 04:30:02 EST -0500 | ##### Start #####
08/09/23 04:30:03 EST -0500 | #####  End  #####
08/09/23 04:31:02 EST -0500 | ##### Start #####
08/09/23 04:31:02 EST -0500 | #####  End  #####
08/09/23 04:32:01 EST -0500 | ##### Start #####
08/09/23 04:32:02 EST -0500 | #####  End  #####
08/09/23 04:33:02 EST -0500 | ##### Start #####
08/09/23 04:33:03 EST -0500 | #####  End  #####
08/09/23 04:34:02 EST -0500 | ##### Start #####
08/09/23 04:34:02 EST -0500 | #####  End  #####
08/09/23 04:35:03 EST -0500 | ##### Start #####
08/09/23 04:35:03 EST -0500 | #####  End  #####
08/09/23 04:36:02 EST -0500 | ##### Start #####
08/09/23 04:36:03 EST -0500 | #####  End  #####
08/09/23 04:37:02 EST -0500 | ##### Start #####
08/09/23 04:37:02 EST -0500 | #####  End  #####
08/09/23 04:38:02 EST -0500 | ##### Start #####
08/09/23 04:38:03 EST -0500 | #####  End  #####
08/09/23 04:39:02 EST -0500 | ##### Start #####
08/09/23 04:39:03 EST -0500 | #####  End  #####
08/09/23 04:40:03 EST -0500 | ##### Start #####
08/09/23 04:40:03 EST -0500 | #####  End  #####
08/09/23 04:41:01 EST -0500 | ##### Start #####
08/09/23 04:41:02 EST -0500 | #####  End  #####
08/09/23 04:42:02 EST -0500 | ##### Start #####
08/09/23 04:42:03 EST -0500 | #####  End  #####
08/09/23 04:43:02 EST -0500 | ##### Start #####
08/09/23 04:43:02 EST -0500 | #####  End  #####
08/09/23 04:44:03 EST -0500 | ##### Start #####
08/09/23 04:44:03 EST -0500 | #####  End  #####
08/09/23 04:45:02 EST -0500 | ##### Start #####
08/09/23 04:45:03 EST -0500 | #####  End  #####
08/09/23 04:46:02 EST -0500 | ##### Start #####
08/09/23 04:46:02 EST -0500 | #####  End  #####
08/09/23 04:47:03 EST -0500 | ##### Start #####
08/09/23 04:47:03 EST -0500 | #####  End  #####
08/09/23 04:48:02 EST -0500 | ##### Start #####
08/09/23 04:48:03 EST -0500 | #####  End  #####
08/09/23 04:49:02 EST -0500 | ##### Start #####
08/09/23 04:49:02 EST -0500 | #####  End  #####
08/09/23 04:50:02 EST -0500 | ##### Start #####
08/09/23 04:50:03 EST -0500 | #####  End  #####
08/09/23 04:51:02 EST -0500 | ##### Start #####
08/09/23 04:51:02 EST -0500 | #####  End  #####
08/09/23 04:52:03 EST -0500 | ##### Start #####
08/09/23 04:52:03 EST -0500 | #####  End  #####
08/09/23 04:53:02 EST -0500 | ##### Start #####
08/09/23 04:53:03 EST -0500 | #####  End  #####
08/09/23 04:54:02 EST -0500 | ##### Start #####
08/09/23 04:54:02 EST -0500 | #####  End  #####
08/09/23 04:55:02 EST -0500 | ##### Start #####
08/09/23 04:55:03 EST -0500 | #####  End  #####
08/09/23 04:56:02 EST -0500 | ##### Start #####
08/09/23 04:56:03 EST -0500 | #####  End  #####
08/09/23 04:57:02 EST -0500 | ##### Start #####
08/09/23 04:57:02 EST -0500 | #####  End  #####
08/09/23 04:58:02 EST -0500 | ##### Start #####
08/09/23 04:58:03 EST -0500 | #####  End  #####
08/09/23 04:59:01 EST -0500 | ##### Start #####
08/09/23 04:59:02 EST -0500 | #####  End  #####
08/09/23 05:00:02 EST -0500 | ##### Start #####
08/09/23 05:00:03 EST -0500 | #####  End  #####
08/09/23 05:01:02 EST -0500 | ##### Start #####
08/09/23 05:01:03 EST -0500 | #####  End  #####
08/09/23 05:02:01 EST -0500 | ##### Start #####
08/09/23 05:02:02 EST -0500 | #####  End  #####
08/09/23 05:03:02 EST -0500 | ##### Start #####
08/09/23 05:03:02 EST -0500 | #####  End  #####
08/09/23 05:04:02 EST -0500 | ##### Start #####
08/09/23 05:04:03 EST -0500 | #####  End  #####
08/09/23 05:05:02 EST -0500 | ##### Start #####
08/09/23 05:05:02 EST -0500 | #####  End  #####
08/09/23 05:06:02 EST -0500 | ##### Start #####
08/09/23 05:06:03 EST -0500 | #####  End  #####
08/09/23 05:07:02 EST -0500 | ##### Start #####
08/09/23 05:07:02 EST -0500 | #####  End  #####
08/09/23 05:08:02 EST -0500 | ##### Start #####
08/09/23 05:08:03 EST -0500 | #####  End  #####
08/09/23 05:09:02 EST -0500 | ##### Start #####
08/09/23 05:09:02 EST -0500 | #####  End  #####
08/09/23 05:10:02 EST -0500 | ##### Start #####
08/09/23 05:10:03 EST -0500 | #####  End  #####
08/09/23 05:11:02 EST -0500 | ##### Start #####
08/09/23 05:11:03 EST -0500 | #####  End  #####
08/09/23 05:12:01 EST -0500 | ##### Start #####
08/09/23 05:12:02 EST -0500 | #####  End  #####
08/09/23 05:13:02 EST -0500 | ##### Start #####
08/09/23 05:13:03 EST -0500 | #####  End  #####
08/09/23 05:14:01 EST -0500 | ##### Start #####
08/09/23 05:14:02 EST -0500 | #####  End  #####
08/09/23 05:15:02 EST -0500 | ##### Start #####
08/09/23 05:15:03 EST -0500 | #####  End  #####
08/09/23 05:16:02 EST -0500 | ##### Start #####
08/09/23 05:16:03 EST -0500 | #####  End  #####
08/09/23 05:17:02 EST -0500 | ##### Start #####
08/09/23 05:17:02 EST -0500 | #####  End  #####
08/09/23 05:18:03 EST -0500 | ##### Start #####
08/09/23 05:18:03 EST -0500 | #####  End  #####
08/09/23 05:19:02 EST -0500 | ##### Start #####
08/09/23 05:19:03 EST -0500 | #####  End  #####
08/09/23 05:20:02 EST -0500 | ##### Start #####
08/09/23 05:20:02 EST -0500 | #####  End  #####
08/09/23 05:21:01 EST -0500 | ##### Start #####
08/09/23 05:21:02 EST -0500 | #####  End  #####
08/09/23 05:22:02 EST -0500 | ##### Start #####
08/09/23 05:22:03 EST -0500 | #####  End  #####
08/09/23 05:23:02 EST -0500 | ##### Start #####
08/09/23 05:23:02 EST -0500 | #####  End  #####
08/09/23 05:24:02 EST -0500 | ##### Start #####
08/09/23 05:24:03 EST -0500 | #####  End  #####
08/09/23 05:25:01 EST -0500 | ##### Start #####
08/09/23 05:25:02 EST -0500 | #####  End  #####
08/09/23 05:26:02 EST -0500 | ##### Start #####
08/09/23 05:26:03 EST -0500 | #####  End  #####
08/09/23 05:27:02 EST -0500 | ##### Start #####
08/09/23 05:27:02 EST -0500 | #####  End  #####
08/09/23 05:28:02 EST -0500 | ##### Start #####
08/09/23 05:28:03 EST -0500 | #####  End  #####
08/09/23 05:29:01 EST -0500 | ##### Start #####
08/09/23 05:29:02 EST -0500 | #####  End  #####
08/09/23 05:30:02 EST -0500 | ##### Start #####
08/09/23 05:30:02 EST -0500 | #####  End  #####
08/09/23 05:31:02 EST -0500 | ##### Start #####
08/09/23 05:31:03 EST -0500 | #####  End  #####
08/09/23 05:32:02 EST -0500 | ##### Start #####
08/09/23 05:32:03 EST -0500 | #####  End  #####
08/09/23 05:33:01 EST -0500 | ##### Start #####
08/09/23 05:33:02 EST -0500 | #####  End  #####
08/09/23 05:34:02 EST -0500 | ##### Start #####
08/09/23 05:34:02 EST -0500 | #####  End  #####
08/09/23 05:35:02 EST -0500 | ##### Start #####
08/09/23 05:35:03 EST -0500 | #####  End  #####
08/09/23 05:36:01 EST -0500 | ##### Start #####
08/09/23 05:36:02 EST -0500 | #####  End  #####
08/09/23 05:37:02 EST -0500 | ##### Start #####
08/09/23 05:37:02 EST -0500 | #####  End  #####
08/09/23 05:38:02 EST -0500 | ##### Start #####
08/09/23 05:38:03 EST -0500 | #####  End  #####
08/09/23 05:39:02 EST -0500 | ##### Start #####
08/09/23 05:39:03 EST -0500 | #####  End  #####
08/09/23 05:40:02 EST -0500 | ##### Start #####
08/09/23 05:40:02 EST -0500 | #####  End  #####
08/09/23 05:41:02 EST -0500 | ##### Start #####
08/09/23 05:41:03 EST -0500 | #####  End  #####
08/09/23 05:42:02 EST -0500 | ##### Start #####
08/09/23 05:42:02 EST -0500 | #####  End  #####
08/09/23 05:43:02 EST -0500 | ##### Start #####
08/09/23 05:43:03 EST -0500 | #####  End  #####
08/09/23 05:44:02 EST -0500 | ##### Start #####
08/09/23 05:44:02 EST -0500 | #####  End  #####
08/09/23 05:45:02 EST -0500 | ##### Start #####
08/09/23 05:45:03 EST -0500 | #####  End  #####
08/09/23 05:46:02 EST -0500 | ##### Start #####
08/09/23 05:46:02 EST -0500 | #####  End  #####
08/09/23 05:47:02 EST -0500 | ##### Start #####
08/09/23 05:47:03 EST -0500 | #####  End  #####
08/09/23 05:48:01 EST -0500 | ##### Start #####
08/09/23 05:48:02 EST -0500 | #####  End  #####
08/09/23 05:49:02 EST -0500 | ##### Start #####
08/09/23 05:49:02 EST -0500 | #####  End  #####
08/09/23 05:50:03 EST -0500 | ##### Start #####
08/09/23 05:50:04 EST -0500 | #####  End  #####
08/09/23 05:51:02 EST -0500 | ##### Start #####
08/09/23 05:51:02 EST -0500 | #####  End  #####
08/09/23 05:52:02 EST -0500 | ##### Start #####
08/09/23 05:52:03 EST -0500 | #####  End  #####
08/09/23 05:53:01 EST -0500 | ##### Start #####
08/09/23 05:53:02 EST -0500 | #####  End  #####
08/09/23 05:54:02 EST -0500 | ##### Start #####
08/09/23 05:54:03 EST -0500 | #####  End  #####
08/09/23 05:55:02 EST -0500 | ##### Start #####
08/09/23 05:55:02 EST -0500 | #####  End  #####
08/09/23 05:56:02 EST -0500 | ##### Start #####
08/09/23 05:56:03 EST -0500 | #####  End  #####
08/09/23 05:57:02 EST -0500 | ##### Start #####
08/09/23 05:57:02 EST -0500 | #####  End  #####
08/09/23 05:58:02 EST -0500 | ##### Start #####
08/09/23 05:58:02 EST -0500 | #####  End  #####
08/09/23 05:59:03 EST -0500 | ##### Start #####
08/09/23 05:59:03 EST -0500 | #####  End  #####
08/09/23 06:00:03 EST -0500 | ##### Start #####
08/09/23 06:00:03 EST -0500 | #####  End  #####
08/09/23 06:01:02 EST -0500 | ##### Start #####
08/09/23 06:01:02 EST -0500 | #####  End  #####
08/09/23 06:02:02 EST -0500 | ##### Start #####
08/09/23 06:02:03 EST -0500 | #####  End  #####
08/09/23 06:03:01 EST -0500 | ##### Start #####
08/09/23 06:03:02 EST -0500 | #####  End  #####
08/09/23 06:04:02 EST -0500 | ##### Start #####
08/09/23 06:04:02 EST -0500 | #####  End  #####
08/09/23 06:05:02 EST -0500 | ##### Start #####
08/09/23 06:05:03 EST -0500 | #####  End  #####
08/09/23 06:06:03 EST -0500 | ##### Start #####
08/09/23 06:06:03 EST -0500 | #####  End  #####
08/09/23 06:07:02 EST -0500 | ##### Start #####
08/09/23 06:07:02 EST -0500 | #####  End  #####
08/09/23 06:08:02 EST -0500 | ##### Start #####
08/09/23 06:08:03 EST -0500 | #####  End  #####
08/09/23 06:09:02 EST -0500 | ##### Start #####
08/09/23 06:09:02 EST -0500 | #####  End  #####
08/09/23 06:10:02 EST -0500 | ##### Start #####
08/09/23 06:10:03 EST -0500 | #####  End  #####
08/09/23 06:11:02 EST -0500 | ##### Start #####
08/09/23 06:11:02 EST -0500 | #####  End  #####
08/09/23 06:12:02 EST -0500 | ##### Start #####
08/09/23 06:12:03 EST -0500 | #####  End  #####
08/09/23 06:13:02 EST -0500 | ##### Start #####
08/09/23 06:13:02 EST -0500 | #####  End  #####
08/09/23 06:14:02 EST -0500 | ##### Start #####
08/09/23 06:14:03 EST -0500 | #####  End  #####
08/09/23 06:15:02 EST -0500 | ##### Start #####
08/09/23 06:15:02 EST -0500 | #####  End  #####
08/09/23 06:16:03 EST -0500 | ##### Start #####
08/09/23 06:16:03 EST -0500 | #####  End  #####
08/09/23 06:17:02 EST -0500 | ##### Start #####
08/09/23 06:17:03 EST -0500 | #####  End  #####
08/09/23 06:18:01 EST -0500 | ##### Start #####
08/09/23 06:18:02 EST -0500 | #####  End  #####
08/09/23 06:19:02 EST -0500 | ##### Start #####
08/09/23 06:19:03 EST -0500 | #####  End  #####
08/09/23 06:20:02 EST -0500 | ##### Start #####
08/09/23 06:20:02 EST -0500 | #####  End  #####
08/09/23 06:21:02 EST -0500 | ##### Start #####
08/09/23 06:21:03 EST -0500 | #####  End  #####
08/09/23 06:22:02 EST -0500 | ##### Start #####
08/09/23 06:22:02 EST -0500 | #####  End  #####
08/09/23 06:23:02 EST -0500 | ##### Start #####
08/09/23 06:23:03 EST -0500 | #####  End  #####
08/09/23 06:24:02 EST -0500 | ##### Start #####
08/09/23 06:24:02 EST -0500 | #####  End  #####
08/09/23 06:25:02 EST -0500 | ##### Start #####
08/09/23 06:25:03 EST -0500 | #####  End  #####
08/09/23 06:26:02 EST -0500 | ##### Start #####
08/09/23 06:26:02 EST -0500 | #####  End  #####
08/09/23 06:27:02 EST -0500 | ##### Start #####
08/09/23 06:27:03 EST -0500 | #####  End  #####
08/09/23 06:28:02 EST -0500 | ##### Start #####
08/09/23 06:28:03 EST -0500 | #####  End  #####
08/09/23 06:29:02 EST -0500 | ##### Start #####
08/09/23 06:29:02 EST -0500 | #####  End  #####
08/09/23 06:30:02 EST -0500 | ##### Start #####
08/09/23 06:30:03 EST -0500 | #####  End  #####
08/09/23 06:31:02 EST -0500 | ##### Start #####
08/09/23 06:31:02 EST -0500 | #####  End  #####
08/09/23 06:32:02 EST -0500 | ##### Start #####
08/09/23 06:32:03 EST -0500 | #####  End  #####
08/09/23 06:33:02 EST -0500 | ##### Start #####
08/09/23 06:33:02 EST -0500 | #####  End  #####
08/09/23 06:34:03 EST -0500 | ##### Start #####
08/09/23 06:34:04 EST -0500 | #####  End  #####
08/09/23 06:35:02 EST -0500 | ##### Start #####
08/09/23 06:35:02 EST -0500 | #####  End  #####
08/09/23 06:36:02 EST -0500 | ##### Start #####
08/09/23 06:36:03 EST -0500 | #####  End  #####
08/09/23 06:37:02 EST -0500 | ##### Start #####
08/09/23 06:37:03 EST -0500 | #####  End  #####
08/09/23 06:38:02 EST -0500 | ##### Start #####
08/09/23 06:38:02 EST -0500 | #####  End  #####
08/09/23 06:39:02 EST -0500 | ##### Start #####
08/09/23 06:39:03 EST -0500 | #####  End  #####
08/09/23 06:40:02 EST -0500 | ##### Start #####
08/09/23 06:40:02 EST -0500 | #####  End  #####
08/09/23 06:41:01 EST -0500 | ##### Start #####
08/09/23 06:41:02 EST -0500 | #####  End  #####
08/09/23 06:42:02 EST -0500 | ##### Start #####
08/09/23 06:42:03 EST -0500 | #####  End  #####
08/09/23 06:43:01 EST -0500 | ##### Start #####
08/09/23 06:43:02 EST -0500 | #####  End  #####
08/09/23 06:44:02 EST -0500 | ##### Start #####
08/09/23 06:44:02 EST -0500 | #####  End  #####
08/09/23 06:45:03 EST -0500 | ##### Start #####
08/09/23 06:45:03 EST -0500 | #####  End  #####
08/09/23 06:46:02 EST -0500 | ##### Start #####
08/09/23 06:46:03 EST -0500 | #####  End  #####
08/09/23 06:47:01 EST -0500 | ##### Start #####
08/09/23 06:47:02 EST -0500 | #####  End  #####
08/09/23 06:48:02 EST -0500 | ##### Start #####
08/09/23 06:48:02 EST -0500 | #####  End  #####
08/09/23 06:49:02 EST -0500 | ##### Start #####
08/09/23 06:49:03 EST -0500 | #####  End  #####
08/09/23 06:50:02 EST -0500 | ##### Start #####
08/09/23 06:50:03 EST -0500 | #####  End  #####
08/09/23 06:51:02 EST -0500 | ##### Start #####
08/09/23 06:51:02 EST -0500 | #####  End  #####
08/09/23 06:52:02 EST -0500 | ##### Start #####
08/09/23 06:52:03 EST -0500 | #####  End  #####
08/09/23 06:53:02 EST -0500 | ##### Start #####
08/09/23 06:53:02 EST -0500 | #####  End  #####
08/09/23 06:54:02 EST -0500 | ##### Start #####
08/09/23 06:54:03 EST -0500 | #####  End  #####
08/09/23 06:55:02 EST -0500 | ##### Start #####
08/09/23 06:55:02 EST -0500 | #####  End  #####
08/09/23 06:56:02 EST -0500 | ##### Start #####
08/09/23 06:56:03 EST -0500 | #####  End  #####
08/09/23 06:57:02 EST -0500 | ##### Start #####
08/09/23 06:57:02 EST -0500 | #####  End  #####
08/09/23 06:58:02 EST -0500 | ##### Start #####
08/09/23 06:58:03 EST -0500 | #####  End  #####
08/09/23 06:59:02 EST -0500 | ##### Start #####
08/09/23 06:59:02 EST -0500 | #####  End  #####
08/09/23 07:00:03 EST -0500 | ##### Start #####
08/09/23 07:00:03 EST -0500 | #####  End  #####
08/09/23 07:01:02 EST -0500 | ##### Start #####
08/09/23 07:01:03 EST -0500 | #####  End  #####
08/09/23 07:02:02 EST -0500 | ##### Start #####
08/09/23 07:02:03 EST -0500 | #####  End  #####
08/09/23 07:03:02 EST -0500 | ##### Start #####
08/09/23 07:03:02 EST -0500 | #####  End  #####
08/09/23 07:04:02 EST -0500 | ##### Start #####
08/09/23 07:04:03 EST -0500 | #####  End  #####
08/09/23 07:05:02 EST -0500 | ##### Start #####
08/09/23 07:05:02 EST -0500 | #####  End  #####
08/09/23 07:06:03 EST -0500 | ##### Start #####
08/09/23 07:06:03 EST -0500 | #####  End  #####
08/09/23 07:07:02 EST -0500 | ##### Start #####
08/09/23 07:07:03 EST -0500 | #####  End  #####
08/09/23 07:08:02 EST -0500 | ##### Start #####
08/09/23 07:08:03 EST -0500 | #####  End  #####
08/09/23 07:09:01 EST -0500 | ##### Start #####
08/09/23 07:09:02 EST -0500 | #####  End  #####
08/09/23 07:10:02 EST -0500 | ##### Start #####
08/09/23 07:10:03 EST -0500 | #####  End  #####
08/09/23 07:11:02 EST -0500 | ##### Start #####
08/09/23 07:11:03 EST -0500 | #####  End  #####
08/09/23 07:12:02 EST -0500 | ##### Start #####
08/09/23 07:12:02 EST -0500 | #####  End  #####
08/09/23 07:13:02 EST -0500 | ##### Start #####
08/09/23 07:13:03 EST -0500 | #####  End  #####
08/09/23 07:14:01 EST -0500 | ##### Start #####
08/09/23 07:14:02 EST -0500 | #####  End  #####
08/09/23 07:15:02 EST -0500 | ##### Start #####
08/09/23 07:15:03 EST -0500 | #####  End  #####
08/09/23 07:16:01 EST -0500 | ##### Start #####
08/09/23 07:16:02 EST -0500 | #####  End  #####
08/09/23 07:17:02 EST -0500 | ##### Start #####
08/09/23 07:17:03 EST -0500 | #####  End  #####
08/09/23 07:18:02 EST -0500 | ##### Start #####
08/09/23 07:18:02 EST -0500 | #####  End  #####
08/09/23 07:19:02 EST -0500 | ##### Start #####
08/09/23 07:19:03 EST -0500 | #####  End  #####
08/09/23 07:20:02 EST -0500 | ##### Start #####
08/09/23 07:20:02 EST -0500 | #####  End  #####
08/09/23 07:21:01 EST -0500 | ##### Start #####
08/09/23 07:21:02 EST -0500 | #####  End  #####
08/09/23 07:22:02 EST -0500 | ##### Start #####
08/09/23 07:22:02 EST -0500 | #####  End  #####
08/09/23 07:23:02 EST -0500 | ##### Start #####
08/09/23 07:23:03 EST -0500 | #####  End  #####
08/09/23 07:24:02 EST -0500 | ##### Start #####
08/09/23 07:24:03 EST -0500 | #####  End  #####
08/09/23 07:25:02 EST -0500 | ##### Start #####
08/09/23 07:25:02 EST -0500 | #####  End  #####
08/14/23 10:20:01 EST -0500 | ##### Start #####
08/14/23 10:20:02 EST -0500 | #####  End  #####
08/14/23 10:20:49 EST -0500 | #####
08/14/23 10:20:49 EST -0500 | /home/ubuntu/miscellaneous/gateways/system-monitors/startup-notifier.sh: line 22: cd: /home/ubuntu/miscellaneous/startup-notifier/carina: No such file or directory
08/14/23 10:21:02 EST -0500 | ##### Start #####
08/14/23 10:21:02 EST -0500 | #####  End  #####
08/14/23 10:22:02 EST -0500 | ##### Start #####
08/14/23 10:22:02 EST -0500 | #####  End  #####
08/14/23 10:23:02 EST -0500 | ##### Start #####
08/14/23 10:23:02 EST -0500 | #####  End  #####
08/14/23 10:24:02 EST -0500 | ##### Start #####
08/14/23 10:24:02 EST -0500 | #####  End  #####
08/14/23 10:25:01 EST -0500 | ##### Start #####
08/14/23 10:25:02 EST -0500 | #####  End  #####
08/14/23 10:26:01 EST -0500 | ##### Start #####
08/14/23 10:26:02 EST -0500 | #####  End  #####
08/14/23 10:27:01 EST -0500 | ##### Start #####
08/14/23 10:27:02 EST -0500 | #####  End  #####
08/14/23 10:28:01 EST -0500 | ##### Start #####
08/14/23 10:28:02 EST -0500 | #####  End  #####
08/14/23 10:29:01 EST -0500 | ##### Start #####
08/14/23 10:29:02 EST -0500 | #####  End  #####
08/14/23 10:30:01 EST -0500 | ##### Start #####
08/14/23 10:30:02 EST -0500 | #####  End  #####
08/14/23 10:31:01 EST -0500 | ##### Start #####
08/14/23 10:31:02 EST -0500 | #####  End  #####
08/14/23 10:32:01 EST -0500 | ##### Start #####
08/14/23 10:32:02 EST -0500 | #####  End  #####
08/14/23 10:33:01 EST -0500 | ##### Start #####
08/14/23 10:33:02 EST -0500 | #####  End  #####
08/14/23 10:34:01 EST -0500 | ##### Start #####
08/14/23 10:34:02 EST -0500 | #####  End  #####
08/14/23 10:35:01 EST -0500 | ##### Start #####
08/14/23 10:35:02 EST -0500 | #####  End  #####
08/14/23 10:36:01 EST -0500 | ##### Start #####
08/14/23 10:36:02 EST -0500 | #####  End  #####
08/14/23 10:37:01 EST -0500 | ##### Start #####
08/14/23 10:37:02 EST -0500 | #####  End  #####
08/14/23 10:38:01 EST -0500 | ##### Start #####
08/14/23 10:38:02 EST -0500 | #####  End  #####
08/14/23 10:39:01 EST -0500 | ##### Start #####
08/14/23 10:39:02 EST -0500 | #####  End  #####
08/14/23 10:40:01 EST -0500 | ##### Start #####
08/14/23 10:40:02 EST -0500 | #####  End  #####
08/14/23 10:41:01 EST -0500 | ##### Start #####
08/14/23 10:41:02 EST -0500 | #####  End  #####
08/14/23 10:42:01 EST -0500 | ##### Start #####
08/14/23 10:42:02 EST -0500 | #####  End  #####
08/14/23 10:43:01 EST -0500 | ##### Start #####
08/14/23 10:43:02 EST -0500 | #####  End  #####
08/14/23 10:44:01 EST -0500 | ##### Start #####
08/14/23 10:44:02 EST -0500 | #####  End  #####
08/14/23 10:45:01 EST -0500 | ##### Start #####
08/14/23 10:45:02 EST -0500 | #####  End  #####
08/14/23 10:46:01 EST -0500 | ##### Start #####
08/14/23 10:46:02 EST -0500 | #####  End  #####
08/14/23 10:47:01 EST -0500 | ##### Start #####
08/14/23 10:47:02 EST -0500 | #####  End  #####
08/14/23 10:48:01 EST -0500 | ##### Start #####
08/14/23 10:48:02 EST -0500 | #####  End  #####
08/14/23 10:49:01 EST -0500 | ##### Start #####
08/14/23 10:49:02 EST -0500 | #####  End  #####
08/14/23 10:50:01 EST -0500 | ##### Start #####
08/14/23 10:50:02 EST -0500 | #####  End  #####
08/14/23 10:51:01 EST -0500 | ##### Start #####
08/14/23 10:51:02 EST -0500 | #####  End  #####
08/14/23 10:52:01 EST -0500 | ##### Start #####
08/14/23 10:52:02 EST -0500 | #####  End  #####
08/14/23 10:53:01 EST -0500 | ##### Start #####
08/14/23 10:53:02 EST -0500 | #####  End  #####
08/14/23 10:54:01 EST -0500 | ##### Start #####
08/14/23 10:54:02 EST -0500 | #####  End  #####
08/14/23 10:55:01 EST -0500 | ##### Start #####
08/14/23 10:55:02 EST -0500 | #####  End  #####
08/14/23 10:56:01 EST -0500 | ##### Start #####
08/14/23 10:56:01 EST -0500 | #####  End  #####
08/14/23 10:57:02 EST -0500 | ##### Start #####
08/14/23 10:57:02 EST -0500 | #####  End  #####
08/14/23 10:58:02 EST -0500 | ##### Start #####
08/14/23 10:58:02 EST -0500 | #####  End  #####
08/14/23 10:59:02 EST -0500 | ##### Start #####
08/14/23 10:59:02 EST -0500 | #####  End  #####
08/14/23 11:00:02 EST -0500 | ##### Start #####
08/14/23 11:00:03 EST -0500 | #####  End  #####
08/14/23 11:01:01 EST -0500 | ##### Start #####
08/14/23 11:01:02 EST -0500 | #####  End  #####
08/14/23 11:02:01 EST -0500 | ##### Start #####
08/14/23 11:02:01 EST -0500 | #####  End  #####
08/14/23 11:03:02 EST -0500 | ##### Start #####
08/14/23 11:03:03 EST -0500 | #####  End  #####
08/14/23 11:04:01 EST -0500 | ##### Start #####
08/14/23 11:04:01 EST -0500 | #####  End  #####
08/14/23 11:05:02 EST -0500 | ##### Start #####
08/14/23 11:05:02 EST -0500 | #####  End  #####
08/14/23 11:06:02 EST -0500 | ##### Start #####
08/14/23 11:06:02 EST -0500 | #####  End  #####
08/14/23 11:07:02 EST -0500 | ##### Start #####
08/14/23 11:07:02 EST -0500 | #####  End  #####
08/14/23 11:08:02 EST -0500 | ##### Start #####
08/14/23 11:08:02 EST -0500 | #####  End  #####
08/14/23 11:09:02 EST -0500 | ##### Start #####
08/14/23 11:09:02 EST -0500 | #####  End  #####
08/14/23 11:10:02 EST -0500 | ##### Start #####
08/14/23 11:10:02 EST -0500 | #####  End  #####
08/14/23 11:11:02 EST -0500 | ##### Start #####
08/14/23 11:11:02 EST -0500 | #####  End  #####
08/14/23 11:12:02 EST -0500 | ##### Start #####
08/14/23 11:12:02 EST -0500 | #####  End  #####
08/14/23 11:13:02 EST -0500 | ##### Start #####
08/14/23 11:13:02 EST -0500 | #####  End  #####
08/14/23 11:14:02 EST -0500 | ##### Start #####
08/14/23 11:14:02 EST -0500 | #####  End  #####
08/14/23 11:15:02 EST -0500 | ##### Start #####
08/14/23 11:15:02 EST -0500 | #####  End  #####
08/14/23 11:16:02 EST -0500 | ##### Start #####
08/14/23 11:16:02 EST -0500 | #####  End  #####
08/14/23 11:17:02 EST -0500 | ##### Start #####
08/14/23 11:17:02 EST -0500 | #####  End  #####
08/14/23 11:18:02 EST -0500 | ##### Start #####
08/14/23 11:18:02 EST -0500 | #####  End  #####
08/14/23 11:19:02 EST -0500 | ##### Start #####
08/14/23 11:19:02 EST -0500 | #####  End  #####
08/14/23 11:20:02 EST -0500 | ##### Start #####
08/14/23 11:20:02 EST -0500 | #####  End  #####
08/14/23 11:21:02 EST -0500 | ##### Start #####
08/14/23 11:21:02 EST -0500 | #####  End  #####
08/14/23 11:22:02 EST -0500 | ##### Start #####
08/14/23 11:22:02 EST -0500 | #####  End  #####
08/14/23 11:23:02 EST -0500 | ##### Start #####
08/14/23 11:23:02 EST -0500 | #####  End  #####
08/14/23 11:24:02 EST -0500 | ##### Start #####
08/14/23 11:24:02 EST -0500 | #####  End  #####
08/14/23 11:25:02 EST -0500 | ##### Start #####
08/14/23 11:25:02 EST -0500 | #####  End  #####
08/14/23 11:26:02 EST -0500 | ##### Start #####
08/14/23 11:26:02 EST -0500 | #####  End  #####
08/14/23 11:27:02 EST -0500 | ##### Start #####
08/14/23 11:27:02 EST -0500 | #####  End  #####
08/14/23 11:28:01 EST -0500 | ##### Start #####
08/14/23 11:28:02 EST -0500 | #####  End  #####
08/14/23 11:29:01 EST -0500 | ##### Start #####
08/14/23 11:29:02 EST -0500 | #####  End  #####
08/14/23 11:30:01 EST -0500 | ##### Start #####
08/14/23 11:30:02 EST -0500 | #####  End  #####
08/14/23 11:31:02 EST -0500 | ##### Start #####
08/14/23 11:31:02 EST -0500 | #####  End  #####
08/14/23 11:32:02 EST -0500 | ##### Start #####
08/14/23 11:32:02 EST -0500 | #####  End  #####
08/14/23 11:33:02 EST -0500 | ##### Start #####
08/14/23 11:33:02 EST -0500 | #####  End  #####
08/14/23 11:34:02 EST -0500 | ##### Start #####
08/14/23 11:34:02 EST -0500 | #####  End  #####
08/14/23 11:35:02 EST -0500 | ##### Start #####
08/14/23 11:35:02 EST -0500 | #####  End  #####
08/14/23 11:36:02 EST -0500 | ##### Start #####
08/14/23 11:36:02 EST -0500 | #####  End  #####
08/14/23 11:37:02 EST -0500 | ##### Start #####
08/14/23 11:37:02 EST -0500 | #####  End  #####
08/14/23 11:38:02 EST -0500 | ##### Start #####
08/14/23 11:38:02 EST -0500 | #####  End  #####
08/14/23 11:39:02 EST -0500 | ##### Start #####
08/14/23 11:39:02 EST -0500 | #####  End  #####
08/14/23 11:40:02 EST -0500 | ##### Start #####
08/14/23 11:40:02 EST -0500 | #####  End  #####
08/14/23 11:41:02 EST -0500 | ##### Start #####
08/14/23 11:41:02 EST -0500 | #####  End  #####
08/14/23 11:42:02 EST -0500 | ##### Start #####
08/14/23 11:42:02 EST -0500 | #####  End  #####
08/14/23 11:43:02 EST -0500 | ##### Start #####
08/14/23 11:43:02 EST -0500 | #####  End  #####
08/14/23 11:44:02 EST -0500 | ##### Start #####
08/14/23 11:44:02 EST -0500 | #####  End  #####
08/14/23 11:45:02 EST -0500 | ##### Start #####
08/14/23 11:45:02 EST -0500 | #####  End  #####
08/14/23 11:46:02 EST -0500 | ##### Start #####
08/14/23 11:46:02 EST -0500 | #####  End  #####
08/14/23 11:47:02 EST -0500 | ##### Start #####
08/14/23 11:47:02 EST -0500 | #####  End  #####
08/14/23 11:48:02 EST -0500 | ##### Start #####
08/14/23 11:48:02 EST -0500 | #####  End  #####
08/14/23 11:49:02 EST -0500 | ##### Start #####
08/14/23 11:49:02 EST -0500 | #####  End  #####
08/14/23 11:50:02 EST -0500 | ##### Start #####
08/14/23 11:50:02 EST -0500 | #####  End  #####
08/14/23 11:51:02 EST -0500 | ##### Start #####
08/14/23 11:51:02 EST -0500 | #####  End  #####
08/14/23 11:52:02 EST -0500 | ##### Start #####
08/14/23 11:52:02 EST -0500 | #####  End  #####
08/14/23 11:53:02 EST -0500 | ##### Start #####
08/14/23 11:53:02 EST -0500 | #####  End  #####
08/14/23 11:54:02 EST -0500 | ##### Start #####
08/14/23 11:54:02 EST -0500 | #####  End  #####
08/14/23 11:55:02 EST -0500 | ##### Start #####
08/14/23 11:55:02 EST -0500 | #####  End  #####
08/14/23 11:56:02 EST -0500 | ##### Start #####
08/14/23 11:56:02 EST -0500 | #####  End  #####
08/14/23 11:57:02 EST -0500 | ##### Start #####
08/14/23 11:57:02 EST -0500 | #####  End  #####
08/14/23 11:58:02 EST -0500 | ##### Start #####
08/14/23 11:58:02 EST -0500 | #####  End  #####
08/14/23 11:59:02 EST -0500 | ##### Start #####
08/14/23 11:59:02 EST -0500 | #####  End  #####
08/14/23 12:00:02 EST -0500 | ##### Start #####
08/14/23 12:00:03 EST -0500 | #####  End  #####
08/14/23 12:01:01 EST -0500 | ##### Start #####
08/14/23 12:01:02 EST -0500 | #####  End  #####
08/14/23 12:02:01 EST -0500 | ##### Start #####
08/14/23 12:02:02 EST -0500 | #####  End  #####
08/14/23 12:03:01 EST -0500 | ##### Start #####
08/14/23 12:03:01 EST -0500 | #####  End  #####
08/14/23 12:04:02 EST -0500 | ##### Start #####
08/14/23 12:04:03 EST -0500 | #####  End  #####
08/14/23 12:05:01 EST -0500 | ##### Start #####
08/14/23 12:05:01 EST -0500 | #####  End  #####
08/14/23 12:06:02 EST -0500 | ##### Start #####
08/14/23 12:06:02 EST -0500 | #####  End  #####
08/14/23 12:07:02 EST -0500 | ##### Start #####
08/14/23 12:07:02 EST -0500 | #####  End  #####
08/14/23 12:08:02 EST -0500 | ##### Start #####
08/14/23 12:08:02 EST -0500 | #####  End  #####
08/14/23 12:09:02 EST -0500 | ##### Start #####
08/14/23 12:09:02 EST -0500 | #####  End  #####
08/14/23 12:10:02 EST -0500 | ##### Start #####
08/14/23 12:10:02 EST -0500 | #####  End  #####
08/14/23 12:11:02 EST -0500 | ##### Start #####
08/14/23 12:11:02 EST -0500 | #####  End  #####
08/14/23 12:12:02 EST -0500 | ##### Start #####
08/14/23 12:12:02 EST -0500 | #####  End  #####
08/14/23 12:13:02 EST -0500 | ##### Start #####
08/14/23 12:13:02 EST -0500 | #####  End  #####
08/14/23 12:14:02 EST -0500 | ##### Start #####
08/14/23 12:14:02 EST -0500 | #####  End  #####
08/14/23 12:15:02 EST -0500 | ##### Start #####
08/14/23 12:15:02 EST -0500 | #####  End  #####
08/14/23 12:16:02 EST -0500 | ##### Start #####
08/14/23 12:16:02 EST -0500 | #####  End  #####
08/14/23 12:17:02 EST -0500 | ##### Start #####
08/14/23 12:17:02 EST -0500 | #####  End  #####
08/14/23 12:18:02 EST -0500 | ##### Start #####
08/14/23 12:18:02 EST -0500 | #####  End  #####
08/14/23 12:19:02 EST -0500 | ##### Start #####
08/14/23 12:19:02 EST -0500 | #####  End  #####
08/14/23 12:20:02 EST -0500 | ##### Start #####
08/14/23 12:20:02 EST -0500 | #####  End  #####
