08/28/23 10:13:41 EST -0500 | ########## START ##########
08/28/23 10:13:41 EST -0500 | tncattach: no process found
08/28/23 10:17:13 EST -0500 | ########## START ##########
08/28/23 10:17:13 EST -0500 | tncattach: no process found
08/28/23 10:17:39 EST -0500 | + echo '########## START ##########'
08/28/23 10:17:39 EST -0500 | ########## START ##########
08/28/23 10:17:39 EST -0500 | + sudo /usr/bin/killall tncattach
08/28/23 10:17:39 EST -0500 | tncattach: no process found
08/28/23 10:17:39 EST -0500 | + true
08/28/23 10:17:39 EST -0500 | + sleep 5
08/28/23 10:17:44 EST -0500 | + case $lora_mode in
08/28/23 10:17:44 EST -0500 | + sudo /usr/local/bin/tncattach /dev/ttyUSB0 115200 -d -e -n -m 400 -i 10.10.101.2/24
08/28/23 10:23:16 EST -0500 | + echo '########## START ##########'
08/28/23 10:23:16 EST -0500 | ########## START ##########
08/28/23 10:23:16 EST -0500 | + sudo /usr/bin/killall tncattach
08/28/23 10:23:16 EST -0500 | tncattach: no process found
08/28/23 10:23:16 EST -0500 | + true
08/28/23 10:23:16 EST -0500 | + sleep 5
08/28/23 10:23:21 EST -0500 | + case $lora_mode in
08/28/23 10:23:21 EST -0500 | + sudo /usr/local/bin/tncattach /dev/ttyUSB0 115200 -d -e -n -m 400 -i 10.10.101.2/24
08/28/23 10:23:21 EST -0500 | The serial port could not be opened: No such file or directory
08/28/23 10:23:40 EST -0500 | ########## START ##########
08/28/23 10:23:40 EST -0500 | tncattach: no process found
08/28/23 10:23:45 EST -0500 | The serial port could not be opened: No such file or directory
08/28/23 11:00:02 EST -0500 | ########## START ##########
08/28/23 11:00:02 EST -0500 | tncattach: no process found
08/28/23 11:00:07 EST -0500 | The serial port could not be opened: No such file or directory
08/28/23 12:00:02 EST -0500 | ########## START ##########
08/28/23 12:00:02 EST -0500 | tncattach: no process found
08/28/23 12:00:08 EST -0500 | The serial port could not be opened: No such file or directory
