[startup-notifier cf2f59d] 07/10/23 21:31:39 EST -0500 )
 1 file changed, 1 insertion(+)
 create mode 100644 carina
Current branch startup-notifier is up to date.
To github.com:FLARE-forecast/miscellaneous.git
   52ad97d..cf2f59d  startup-notifier -> startup-notifier
[startup-notifier 893e8e2] 07/10/23 22:04:01 EST -0500 )
 1 file changed, 1 insertion(+), 1 deletion(-)
Current branch startup-notifier is up to date.
To github.com:FLARE-forecast/miscellaneous.git
   cf2f59d..893e8e2  startup-notifier -> startup-notifier
[startup-notifier 7bb3c1b] 07/12/23 13:10:14 EST -0500 )
 1 file changed, 1 insertion(+), 1 deletion(-)
Current branch startup-notifier is up to date.
To github.com:FLARE-forecast/miscellaneous.git
   893e8e2..7bb3c1b  startup-notifier -> startup-notifier
[startup-notifier 8fceb55] 07/13/23 11:50:40 EST -0500 )
 1 file changed, 1 insertion(+), 1 deletion(-)
Current branch startup-notifier is up to date.
To github.com:FLARE-forecast/miscellaneous.git
   7bb3c1b..8fceb55  startup-notifier -> startup-notifier
[startup-notifier 3e07d0e] 07/13/23 11:52:50 EST -0500 )
 1 file changed, 1 insertion(+), 1 deletion(-)
Current branch startup-notifier is up to date.
To github.com:FLARE-forecast/miscellaneous.git
   8fceb55..3e07d0e  startup-notifier -> startup-notifier
08/15/23 17:08:47 EST -0500 | ##### Start #####
08/15/23 17:08:47 EST -0500 | /home/ubuntu/miscellaneous/gateways/system-monitors/startup-notifier.sh: line 25: cd: /home/ubuntu/miscellaneous/startup-notifier/carina: No such file or directory
08/15/23 17:12:02 EST -0500 | ##### Start #####
08/15/23 17:12:02 EST -0500 | [startup-notifier d231b5f] 08/15/23 17:12:02 EST -0500
08/15/23 17:12:02 EST -0500 |  1 file changed, 1 insertion(+), 1 deletion(-)
08/15/23 17:12:03 EST -0500 | Current branch startup-notifier is up to date.
08/15/23 17:12:03 EST -0500 | To github.com:FLARE-forecast/miscellaneous.git
08/15/23 17:12:03 EST -0500 |    3e07d0e..d231b5f  startup-notifier -> startup-notifier
08/15/23 17:12:03 EST -0500 | #####  End  #####
08/16/23 10:37:21 EST -0500 | ##### Start #####
08/16/23 10:37:22 EST -0500 | [startup-notifier e4a3f4a] 08/16/23 10:37:22 EST -0500
08/16/23 10:37:22 EST -0500 |  1 file changed, 1 insertion(+), 1 deletion(-)
08/16/23 10:37:22 EST -0500 | Current branch startup-notifier is up to date.
08/16/23 10:37:23 EST -0500 | To github.com:FLARE-forecast/miscellaneous.git
08/16/23 10:37:23 EST -0500 |    810b3be..e4a3f4a  startup-notifier -> startup-notifier
08/16/23 10:37:23 EST -0500 | #####  End  #####
08/16/23 11:34:11 EST -0500 | ##### Start #####
08/16/23 11:34:11 EST -0500 | [startup-notifier 3c89d6a] 08/16/23 11:34:11 EST -0500
08/16/23 11:34:11 EST -0500 |  1 file changed, 1 insertion(+), 1 deletion(-)
08/16/23 11:34:12 EST -0500 | Current branch startup-notifier is up to date.
08/16/23 11:34:13 EST -0500 | To github.com:FLARE-forecast/miscellaneous.git
08/16/23 11:34:13 EST -0500 |    e4a3f4a..3c89d6a  startup-notifier -> startup-notifier
08/16/23 11:34:13 EST -0500 | #####  End  #####
